17:31:12,756 (main) DEBUG [DataNucleus.General] - Using PluginRegistry org.datanucleus.plugin.NonManagedPluginRegistry
17:31:12,787 (main) DEBUG [DataNucleus.General] - Registering bundle org.sonatype.inject version 2.3.0 at URL file:/C:/Users/alejo/.m2/repository/org/sonatype/sisu/sisu-inject-bean/2.3.0/sisu-inject-bean-2.3.0.jar.
17:31:12,819 (main) DEBUG [DataNucleus.General] - Loading extension points from plug-in file jar:file:/C:/Users/alejo/.m2/repository/org/sonatype/sisu/sisu-inject-bean/2.3.0/sisu-inject-bean-2.3.0.jar!/plugin.xml.
17:31:12,820 (main) DEBUG [DataNucleus.General] - Loading extensions from plug-in file jar:file:/C:/Users/alejo/.m2/repository/org/sonatype/sisu/sisu-inject-bean/2.3.0/sisu-inject-bean-2.3.0.jar!/plugin.xml.
17:31:12,824 (main) DEBUG [DataNucleus.General] - Registering bundle org.datanucleus version 4.1.11 at URL file:/C:/Users/alejo/.m2/repository/org/datanucleus/datanucleus-core/4.1.11/datanucleus-core-4.1.11.jar.
17:31:12,841 (main) DEBUG [DataNucleus.General] - Loading extension points from plug-in file jar:file:/C:/Users/alejo/.m2/repository/org/datanucleus/datanucleus-core/4.1.11/datanucleus-core-4.1.11.jar!/plugin.xml.
17:31:12,854 (main) DEBUG [DataNucleus.General] - Loading extensions from plug-in file jar:file:/C:/Users/alejo/.m2/repository/org/datanucleus/datanucleus-core/4.1.11/datanucleus-core-4.1.11.jar!/plugin.xml.
17:31:12,857 (main) DEBUG [DataNucleus.General] - Registering bundle org.datanucleus.api.jpa version 4.1.10 at URL file:/C:/Users/alejo/.m2/repository/org/datanucleus/datanucleus-api-jpa/4.1.10/datanucleus-api-jpa-4.1.10.jar.
17:31:12,860 (main) DEBUG [DataNucleus.General] - Loading extension points from plug-in file jar:file:/C:/Users/alejo/.m2/repository/org/datanucleus/datanucleus-api-jpa/4.1.10/datanucleus-api-jpa-4.1.10.jar!/plugin.xml.
17:31:12,861 (main) DEBUG [DataNucleus.General] - Loading extensions from plug-in file jar:file:/C:/Users/alejo/.m2/repository/org/datanucleus/datanucleus-api-jpa/4.1.10/datanucleus-api-jpa-4.1.10.jar!/plugin.xml.
17:31:12,862 (main) DEBUG [DataNucleus.General] - Registering bundle org.datanucleus.jpa.query version 4.0.5 at URL file:/C:/Users/alejo/.m2/repository/org/datanucleus/datanucleus-jpa-query/4.0.5/datanucleus-jpa-query-4.0.5.jar.
17:31:12,864 (main) DEBUG [DataNucleus.General] - Loading extension points from plug-in file jar:file:/C:/Users/alejo/.m2/repository/org/datanucleus/datanucleus-jpa-query/4.0.5/datanucleus-jpa-query-4.0.5.jar!/plugin.xml.
17:31:12,864 (main) DEBUG [DataNucleus.General] - Loading extensions from plug-in file jar:file:/C:/Users/alejo/.m2/repository/org/datanucleus/datanucleus-jpa-query/4.0.5/datanucleus-jpa-query-4.0.5.jar!/plugin.xml.
17:31:12,865 (main) DEBUG [DataNucleus.General] - Registering bundle org.datanucleus.store.rdbms version 4.1.13 at URL file:/C:/Users/alejo/.m2/repository/org/datanucleus/datanucleus-rdbms/4.1.13/datanucleus-rdbms-4.1.13.jar.
17:31:12,884 (main) DEBUG [DataNucleus.General] - Loading extension points from plug-in file jar:file:/C:/Users/alejo/.m2/repository/org/datanucleus/datanucleus-rdbms/4.1.13/datanucleus-rdbms-4.1.13.jar!/plugin.xml.
17:31:12,898 (main) DEBUG [DataNucleus.General] - Loading extensions from plug-in file jar:file:/C:/Users/alejo/.m2/repository/org/datanucleus/datanucleus-rdbms/4.1.13/datanucleus-rdbms-4.1.13.jar!/plugin.xml.
17:31:12,937 (main) DEBUG [DataNucleus.Persistence] - Tipos de Java inicializando ...
17:31:12,989 (main) DEBUG [DataNucleus.Persistence] - Soporte para tipos de Java listo : tipos soportados = [B, [C, [D, [F, [I, [J, [Ljava.lang.Boolean;, [Ljava.lang.Byte;, [Ljava.lang.Character;, [Ljava.lang.Double;, [Ljava.lang.Enum;, [Ljava.lang.Float;, [Ljava.lang.Integer;, [Ljava.lang.Long;, [Ljava.lang.Number;, [Ljava.lang.Short;, [Ljava.lang.String;, [Ljava.math.BigDecimal;, [Ljava.math.BigInteger;, [Ljava.util.Date;, [Ljava.util.Locale;, [S, [Z, boolean, byte, char, double, float, int, java.awt.Color, java.awt.image.BufferedImage, java.lang.Boolean, java.lang.Byte, java.lang.Character, java.lang.Class, java.lang.Double, java.lang.Enum, java.lang.Float, java.lang.Integer, java.lang.Long, java.lang.Number, java.lang.Short, java.lang.String, java.lang.StringBuffer, java.lang.StringBuilder, java.math.BigDecimal, java.math.BigInteger, java.net.URI, java.net.URL, java.sql.Date, java.sql.Time, java.sql.Timestamp, java.util.ArrayList, java.util.Arrays$ArrayList, java.util.BitSet, java.util.Calendar, java.util.Collection, java.util.Currency, java.util.Date, java.util.GregorianCalendar, java.util.HashMap, java.util.HashSet, java.util.Hashtable, java.util.LinkedHashMap, java.util.LinkedHashSet, java.util.LinkedList, java.util.List, java.util.Locale, java.util.Map, java.util.PriorityQueue, java.util.Properties, java.util.Queue, java.util.Set, java.util.SortedMap, java.util.SortedSet, java.util.Stack, java.util.TimeZone, java.util.TreeMap, java.util.TreeSet, java.util.UUID, java.util.Vector, long, short
17:31:12,989 (main) DEBUG [DataNucleus.Persistence] - Inicializando TypeConverters ...
17:31:13,016 (main) DEBUG [DataNucleus.Persistence] - TypeConverters listo
17:31:13,016 (main) DEBUG [DataNucleus.Persistence] - TypeConverter(s) available for byte[] to : java.nio.ByteBuffer
17:31:13,016 (main) DEBUG [DataNucleus.Persistence] - TypeConverter(s) available for char[] to : java.nio.ByteBuffer
17:31:13,016 (main) DEBUG [DataNucleus.Persistence] - TypeConverter(s) available for double[] to : java.nio.ByteBuffer
17:31:13,016 (main) DEBUG [DataNucleus.Persistence] - TypeConverter(s) available for float[] to : java.nio.ByteBuffer
17:31:13,017 (main) DEBUG [DataNucleus.Persistence] - TypeConverter(s) available for int[] to : java.nio.ByteBuffer
17:31:13,017 (main) DEBUG [DataNucleus.Persistence] - TypeConverter(s) available for long[] to : java.nio.ByteBuffer
17:31:13,017 (main) DEBUG [DataNucleus.Persistence] - TypeConverter(s) available for short[] to : java.nio.ByteBuffer
17:31:13,017 (main) DEBUG [DataNucleus.Persistence] - TypeConverter(s) available for boolean[] to : java.nio.ByteBuffer
17:31:13,017 (main) DEBUG [DataNucleus.Persistence] - TypeConverter(s) available for java.awt.Color to : java.lang.String,int[]
17:31:13,017 (main) DEBUG [DataNucleus.Persistence] - TypeConverter(s) available for java.io.Serializable to : java.lang.String,java.nio.ByteBuffer,byte[]
17:31:13,017 (main) DEBUG [DataNucleus.Persistence] - TypeConverter(s) available for java.lang.Boolean to : java.lang.Integer,java.lang.Character
17:31:13,017 (main) DEBUG [DataNucleus.Persistence] - TypeConverter(s) available for java.lang.Character to : java.lang.String
17:31:13,017 (main) DEBUG [DataNucleus.Persistence] - TypeConverter(s) available for java.lang.Class to : java.lang.String
17:31:13,017 (main) DEBUG [DataNucleus.Persistence] - TypeConverter(s) available for java.lang.Integer to : java.lang.String
17:31:13,017 (main) DEBUG [DataNucleus.Persistence] - TypeConverter(s) available for java.lang.Long to : java.lang.String
17:31:13,017 (main) DEBUG [DataNucleus.Persistence] - TypeConverter(s) available for java.lang.StringBuffer to : java.lang.String
17:31:13,017 (main) DEBUG [DataNucleus.Persistence] - TypeConverter(s) available for java.lang.StringBuilder to : java.lang.String
17:31:13,017 (main) DEBUG [DataNucleus.Persistence] - TypeConverter(s) available for java.math.BigDecimal to : java.lang.String,java.nio.ByteBuffer,java.lang.Double
17:31:13,017 (main) DEBUG [DataNucleus.Persistence] - TypeConverter(s) available for java.math.BigInteger to : java.lang.Long,java.lang.String,java.nio.ByteBuffer
17:31:13,017 (main) DEBUG [DataNucleus.Persistence] - TypeConverter(s) available for java.net.URI to : java.lang.String
17:31:13,017 (main) DEBUG [DataNucleus.Persistence] - TypeConverter(s) available for java.net.URL to : java.lang.String
17:31:13,017 (main) DEBUG [DataNucleus.Persistence] - TypeConverter(s) available for java.sql.Date to : java.lang.Long,java.util.Date,java.lang.String
17:31:13,017 (main) DEBUG [DataNucleus.Persistence] - TypeConverter(s) available for java.sql.Time to : java.lang.Long,java.util.Date,java.lang.String
17:31:13,018 (main) DEBUG [DataNucleus.Persistence] - TypeConverter(s) available for java.sql.Timestamp to : java.lang.Long,java.util.Date,java.lang.String
17:31:13,018 (main) DEBUG [DataNucleus.Persistence] - TypeConverter(s) available for java.util.BitSet to : java.lang.String
17:31:13,018 (main) DEBUG [DataNucleus.Persistence] - TypeConverter(s) available for java.util.Calendar to : [Ljava.lang.Object;,java.util.Date,java.lang.String,java.sql.Timestamp
17:31:13,018 (main) DEBUG [DataNucleus.Persistence] - TypeConverter(s) available for java.util.Currency to : java.lang.String
17:31:13,018 (main) DEBUG [DataNucleus.Persistence] - TypeConverter(s) available for java.util.Date to : java.lang.Long,java.lang.String
17:31:13,018 (main) DEBUG [DataNucleus.Persistence] - TypeConverter(s) available for java.util.Locale to : java.lang.String
17:31:13,018 (main) DEBUG [DataNucleus.Persistence] - TypeConverter(s) available for java.util.TimeZone to : java.lang.String
17:31:13,018 (main) DEBUG [DataNucleus.Persistence] - TypeConverter(s) available for java.util.UUID to : java.lang.String
17:31:13,018 (main) DEBUG [DataNucleus.MetaData] - MetaDataManager : Input=(XML,Annotations), XML-Validation=false
17:31:13,018 (main) INFO  [DataNucleus.Enhancer] - DataNucleus Enhancer (versión 4.1.11) para el API "JPA" utilisando el JRE "{2}"
17:31:13,018 (main) DEBUG [DataNucleus.Enhancer] - DataNucleus Enhancer : Classpath
17:31:13,019 (main) DEBUG [DataNucleus.Enhancer] - >>  C:\Users\alejo\.m2\repository\org\datanucleus\datanucleus-maven-plugin\4.0.5\datanucleus-maven-plugin-4.0.5.jar
17:31:13,019 (main) DEBUG [DataNucleus.Enhancer] - >>  C:\Users\alejo\.m2\repository\org\codehaus\plexus\plexus-utils\3.0.8\plexus-utils-3.0.8.jar
17:31:13,019 (main) DEBUG [DataNucleus.Enhancer] - >>  C:\Users\alejo\.m2\repository\org\apache\maven\maven-artifact\3.0.4\maven-artifact-3.0.4.jar
17:31:13,019 (main) DEBUG [DataNucleus.Enhancer] - >>  C:\Users\alejo\.m2\repository\org\apache\maven\maven-plugin-api\3.0.4\maven-plugin-api-3.0.4.jar
17:31:13,019 (main) DEBUG [DataNucleus.Enhancer] - >>  C:\Users\alejo\.m2\repository\org\apache\maven\maven-model\3.0.4\maven-model-3.0.4.jar
17:31:13,019 (main) DEBUG [DataNucleus.Enhancer] - >>  C:\Users\alejo\.m2\repository\org\sonatype\sisu\sisu-inject-plexus\2.3.0\sisu-inject-plexus-2.3.0.jar
17:31:13,019 (main) DEBUG [DataNucleus.Enhancer] - >>  C:\Users\alejo\.m2\repository\org\codehaus\plexus\plexus-component-annotations\1.5.5\plexus-component-annotations-1.5.5.jar
17:31:13,019 (main) DEBUG [DataNucleus.Enhancer] - >>  C:\Users\alejo\.m2\repository\org\sonatype\sisu\sisu-inject-bean\2.3.0\sisu-inject-bean-2.3.0.jar
17:31:13,019 (main) DEBUG [DataNucleus.Enhancer] - >>  C:\Users\alejo\.m2\repository\org\sonatype\sisu\sisu-guice\3.1.0\sisu-guice-3.1.0-no_aop.jar
17:31:13,019 (main) DEBUG [DataNucleus.Enhancer] - >>  C:\Users\alejo\.m2\repository\org\sonatype\sisu\sisu-guava\0.9.9\sisu-guava-0.9.9.jar
17:31:13,019 (main) DEBUG [DataNucleus.Enhancer] - >>  C:\Users\alejo\.m2\repository\org\codehaus\plexus\plexus-container-default\1.5.5\plexus-container-default-1.5.5.jar
17:31:13,020 (main) DEBUG [DataNucleus.Enhancer] - >>  C:\Users\alejo\.m2\repository\org\codehaus\plexus\plexus-classworlds\2.2.2\plexus-classworlds-2.2.2.jar
17:31:13,020 (main) DEBUG [DataNucleus.Enhancer] - >>  C:\Users\alejo\.m2\repository\org\apache\xbean\xbean-reflect\3.4\xbean-reflect-3.4.jar
17:31:13,020 (main) DEBUG [DataNucleus.Enhancer] - >>  C:\Users\alejo\.m2\repository\log4j\log4j\1.2.12\log4j-1.2.12.jar
17:31:13,020 (main) DEBUG [DataNucleus.Enhancer] - >>  C:\Users\alejo\.m2\repository\commons-logging\commons-logging-api\1.1\commons-logging-api-1.1.jar
17:31:13,020 (main) DEBUG [DataNucleus.Enhancer] - >>  C:\Users\alejo\.m2\repository\com\google\collections\google-collections\1.0\google-collections-1.0.jar
17:31:13,020 (main) DEBUG [DataNucleus.Enhancer] - >>  C:\Users\alejo\.m2\repository\junit\junit\3.8.2\junit-3.8.2.jar
17:31:13,020 (main) DEBUG [DataNucleus.Enhancer] - >>  C:\Users\alejo\Desktop\backend2\target\echo-1.0-SNAPSHOT\WEB-INF\classes
17:31:13,020 (main) DEBUG [DataNucleus.Enhancer] - >>  C:\Users\alejo\.m2\repository\org\datanucleus\datanucleus-core\4.1.11\datanucleus-core-4.1.11.jar
17:31:13,020 (main) DEBUG [DataNucleus.Enhancer] - >>  C:\Users\alejo\.m2\repository\org\datanucleus\datanucleus-api-jpa\4.1.10\datanucleus-api-jpa-4.1.10.jar
17:31:13,020 (main) DEBUG [DataNucleus.Enhancer] - >>  C:\Users\alejo\.m2\repository\org\datanucleus\datanucleus-jpa-query\4.0.5\datanucleus-jpa-query-4.0.5.jar
17:31:13,020 (main) DEBUG [DataNucleus.Enhancer] - >>  C:\Users\alejo\.m2\repository\org\datanucleus\datanucleus-rdbms\4.1.13\datanucleus-rdbms-4.1.13.jar
17:31:13,021 (main) DEBUG [DataNucleus.Enhancer] - >>  C:\Users\alejo\.m2\repository\org\datanucleus\javax.persistence\2.1.2\javax.persistence-2.1.2.jar
17:31:13,021 (main) DEBUG [DataNucleus.Enhancer] - >>  C:\Users\alejo\.m2\repository\log4j\log4j\1.2.17\log4j-1.2.17.jar
17:31:13,021 (main) DEBUG [DataNucleus.Enhancer] - >>  C:\Users\alejo\.m2\repository\mysql\mysql-connector-java\5.1.17\mysql-connector-java-5.1.17.jar
17:31:13,021 (main) DEBUG [DataNucleus.Enhancer] - >>  C:\Users\alejo\.m2\repository\org\modelmapper\modelmapper\1.0.0\modelmapper-1.0.0.jar
17:31:13,021 (main) DEBUG [DataNucleus.Enhancer] - >>  C:\Users\alejo\.m2\repository\com\google\endpoints\endpoints-framework\2.0.8\endpoints-framework-2.0.8.jar
17:31:13,021 (main) DEBUG [DataNucleus.Enhancer] - >>  C:\Users\alejo\.m2\repository\com\google\guava\guava\19.0\guava-19.0.jar
17:31:13,021 (main) DEBUG [DataNucleus.Enhancer] - >>  C:\Users\alejo\.m2\repository\com\fasterxml\jackson\core\jackson-annotations\2.6.4\jackson-annotations-2.6.4.jar
17:31:13,021 (main) DEBUG [DataNucleus.Enhancer] - >>  C:\Users\alejo\.m2\repository\com\fasterxml\jackson\core\jackson-core\2.6.4\jackson-core-2.6.4.jar
17:31:13,021 (main) DEBUG [DataNucleus.Enhancer] - >>  C:\Users\alejo\.m2\repository\com\fasterxml\jackson\core\jackson-databind\2.6.4\jackson-databind-2.6.4.jar
17:31:13,021 (main) DEBUG [DataNucleus.Enhancer] - >>  C:\Users\alejo\.m2\repository\com\google\http-client\google-http-client-jackson2\1.21.0\google-http-client-jackson2-1.21.0.jar
17:31:13,021 (main) DEBUG [DataNucleus.Enhancer] - >>  C:\Users\alejo\.m2\repository\com\google\http-client\google-http-client\1.21.0\google-http-client-1.21.0.jar
17:31:13,021 (main) DEBUG [DataNucleus.Enhancer] - >>  C:\Users\alejo\.m2\repository\org\apache\httpcomponents\httpclient\4.0.1\httpclient-4.0.1.jar
17:31:13,021 (main) DEBUG [DataNucleus.Enhancer] - >>  C:\Users\alejo\.m2\repository\org\apache\httpcomponents\httpcore\4.0.1\httpcore-4.0.1.jar
17:31:13,022 (main) DEBUG [DataNucleus.Enhancer] - >>  C:\Users\alejo\.m2\repository\commons-logging\commons-logging\1.1.1\commons-logging-1.1.1.jar
17:31:13,022 (main) DEBUG [DataNucleus.Enhancer] - >>  C:\Users\alejo\.m2\repository\commons-codec\commons-codec\1.3\commons-codec-1.3.jar
17:31:13,022 (main) DEBUG [DataNucleus.Enhancer] - >>  C:\Users\alejo\.m2\repository\com\google\api-client\google-api-client\1.21.0\google-api-client-1.21.0.jar
17:31:13,022 (main) DEBUG [DataNucleus.Enhancer] - >>  C:\Users\alejo\.m2\repository\com\google\oauth-client\google-oauth-client\1.21.0\google-oauth-client-1.21.0.jar
17:31:13,022 (main) DEBUG [DataNucleus.Enhancer] - >>  C:\Users\alejo\.m2\repository\com\google\api-client\google-api-client-appengine\1.21.0\google-api-client-appengine-1.21.0.jar
17:31:13,022 (main) DEBUG [DataNucleus.Enhancer] - >>  C:\Users\alejo\.m2\repository\com\google\oauth-client\google-oauth-client-appengine\1.21.0\google-oauth-client-appengine-1.21.0.jar
17:31:13,022 (main) DEBUG [DataNucleus.Enhancer] - >>  C:\Users\alejo\.m2\repository\com\google\oauth-client\google-oauth-client-servlet\1.21.0\google-oauth-client-servlet-1.21.0.jar
17:31:13,022 (main) DEBUG [DataNucleus.Enhancer] - >>  C:\Users\alejo\.m2\repository\com\google\http-client\google-http-client-jdo\1.21.0\google-http-client-jdo-1.21.0.jar
17:31:13,022 (main) DEBUG [DataNucleus.Enhancer] - >>  C:\Users\alejo\.m2\repository\com\google\api-client\google-api-client-servlet\1.21.0\google-api-client-servlet-1.21.0.jar
17:31:13,023 (main) DEBUG [DataNucleus.Enhancer] - >>  C:\Users\alejo\.m2\repository\javax\jdo\jdo2-api\2.3-eb\jdo2-api-2.3-eb.jar
17:31:13,023 (main) DEBUG [DataNucleus.Enhancer] - >>  C:\Users\alejo\.m2\repository\javax\transaction\transaction-api\1.1\transaction-api-1.1.jar
17:31:13,023 (main) DEBUG [DataNucleus.Enhancer] - >>  C:\Users\alejo\.m2\repository\com\google\http-client\google-http-client-appengine\1.21.0\google-http-client-appengine-1.21.0.jar
17:31:13,023 (main) DEBUG [DataNucleus.Enhancer] - >>  C:\Users\alejo\.m2\repository\com\google\code\findbugs\jsr305\3.0.1\jsr305-3.0.1.jar
17:31:13,023 (main) DEBUG [DataNucleus.Enhancer] - >>  C:\Users\alejo\.m2\repository\io\swagger\swagger-models\1.5.9\swagger-models-1.5.9.jar
17:31:13,023 (main) DEBUG [DataNucleus.Enhancer] - >>  C:\Users\alejo\.m2\repository\org\slf4j\slf4j-api\1.6.3\slf4j-api-1.6.3.jar
17:31:13,023 (main) DEBUG [DataNucleus.Enhancer] - >>  C:\Users\alejo\.m2\repository\io\swagger\swagger-annotations\1.5.9\swagger-annotations-1.5.9.jar
17:31:13,023 (main) DEBUG [DataNucleus.Enhancer] - >>  C:\Users\alejo\.m2\repository\io\swagger\swagger-core\1.5.9\swagger-core-1.5.9.jar
17:31:13,023 (main) DEBUG [DataNucleus.Enhancer] - >>  C:\Users\alejo\.m2\repository\org\apache\commons\commons-lang3\3.2.1\commons-lang3-3.2.1.jar
17:31:13,023 (main) DEBUG [DataNucleus.Enhancer] - >>  C:\Users\alejo\.m2\repository\com\fasterxml\jackson\datatype\jackson-datatype-joda\2.4.5\jackson-datatype-joda-2.4.5.jar
17:31:13,023 (main) DEBUG [DataNucleus.Enhancer] - >>  C:\Users\alejo\.m2\repository\joda-time\joda-time\2.2\joda-time-2.2.jar
17:31:13,023 (main) DEBUG [DataNucleus.Enhancer] - >>  C:\Users\alejo\.m2\repository\com\fasterxml\jackson\dataformat\jackson-dataformat-yaml\2.4.5\jackson-dataformat-yaml-2.4.5.jar
17:31:13,023 (main) DEBUG [DataNucleus.Enhancer] - >>  C:\Users\alejo\.m2\repository\org\yaml\snakeyaml\1.12\snakeyaml-1.12.jar
17:31:13,023 (main) DEBUG [DataNucleus.Enhancer] - >>  C:\Users\alejo\.m2\repository\javax\validation\validation-api\1.1.0.Final\validation-api-1.1.0.Final.jar
17:31:13,023 (main) DEBUG [DataNucleus.Enhancer] - >>  C:\Users\alejo\.m2\repository\org\slf4j\slf4j-nop\1.7.21\slf4j-nop-1.7.21.jar
17:31:13,023 (main) DEBUG [DataNucleus.Enhancer] - >>  C:\Users\alejo\.m2\repository\com\google\endpoints\endpoints-management-control-appengine-all\1.0.5\endpoints-management-control-appengine-all-1.0.5.jar
17:31:13,023 (main) DEBUG [DataNucleus.Enhancer] - >>  C:\Users\alejo\.m2\repository\com\google\appengine\appengine-api-1.0-sdk\1.9.57\appengine-api-1.0-sdk-1.9.57.jar
17:31:13,024 (main) DEBUG [DataNucleus.Enhancer] - >>  C:\Users\alejo\.m2\repository\javax\servlet\servlet-api\2.5\servlet-api-2.5.jar
17:31:13,024 (main) DEBUG [DataNucleus.Enhancer] - >>  C:\Users\alejo\.m2\repository\javax\inject\javax.inject\1\javax.inject-1.jar
17:31:13,024 (main) DEBUG [DataNucleus.Enhancer] - >>  C:\Users\alejo\.m2\repository\jstl\jstl\1.2\jstl-1.2.jar
17:31:13,024 (main) DEBUG [DataNucleus.Enhancer] - >>  C:\Users\alejo\.m2\repository\org\hamcrest\hamcrest-core\1.3\hamcrest-core-1.3.jar
17:31:13,024 (main) DEBUG [DataNucleus.Enhancer] - >>  C:\Users\alejo\.m2\repository\com\jcabi\jcabi-matchers\1.4\jcabi-matchers-1.4.jar
17:31:13,024 (main) DEBUG [DataNucleus.Enhancer] - >>  C:\Users\alejo\.m2\repository\org\hamcrest\hamcrest-library\1.3\hamcrest-library-1.3.jar
17:31:13,024 (main) DEBUG [DataNucleus.Enhancer] - >>  C:\Users\alejo\.m2\repository\com\jcabi\jcabi-log\0.17.2\jcabi-log-0.17.2.jar
17:31:13,024 (main) DEBUG [DataNucleus.Enhancer] - >>  C:\Users\alejo\.m2\repository\com\jcabi\jcabi-aspects\0.22\jcabi-aspects-0.22.jar
17:31:13,024 (main) DEBUG [DataNucleus.Enhancer] - >>  C:\Users\alejo\.m2\repository\org\aspectj\aspectjrt\1.8.4\aspectjrt-1.8.4.jar
17:31:13,025 (main) DEBUG [DataNucleus.Enhancer] - Enhancing classes
17:31:13,028 (main) DEBUG [DataNucleus.MetaData] - Analizando el MetaData "file:/C:/Users/alejo/Desktop/backend2/target/echo-1.0-SNAPSHOT/WEB-INF/classes/META-INF/persistence.xml" con handler "persistence" (validar="false")
17:31:13,036 (main) DEBUG [DataNucleus.MetaData] - MetaData Management : Carga de Metadata del persistence-unit "ligaguila" ...
17:31:13,038 (main) DEBUG [DataNucleus.MetaData] - Not found any metadata mapping files for resource name META-INF/orm.xml in CLASSPATH
17:31:13,087 (main) DEBUG [DataNucleus.MetaData] - Clase "com.example.teams.entity.Equipo" tiene anotación "javax.persistence.NamedQueries" que no esta procesado aqui. Si sea un annotacion de extension de DataNucleus, lo procesamos mas tarde.
17:31:13,087 (main) DEBUG [DataNucleus.MetaData] - Clase "com.example.teams.entity.Equipo" tiene anotaciones de JPA y vamos a usarlas.
17:31:13,098 (main) DEBUG [DataNucleus.MetaData] - Populación del MetaData ...
17:31:13,098 (main) DEBUG [DataNucleus.MetaData] - Clase "com.example.teams.entity.Equipo" : Populando Meta-Data
17:31:13,100 (main) DEBUG [DataNucleus.MetaData] - Inicialisación del MetaData ...
17:31:13,100 (main) DEBUG [DataNucleus.MetaData] - Clase "com.example.teams.entity.Equipo" : Inicializando Meta-Data
17:31:13,103 (main) DEBUG [DataNucleus.MetaData] - MetaData Management : Carga de Metadata ya ha terminado
17:31:13,109 (main) DEBUG [DataNucleus.Enhancer] - Enhance de la clase "com.example.teams.entity.Equipo" empezando ...
17:31:13,127 (main) DEBUG [DataNucleus.Enhancer] - La clase "com.example.teams.entity.Equipo" no implementa el interfaz "org.datanucleus.enhancement.Persistable"!
17:31:13,127 (main) DEBUG [DataNucleus.Enhancer] - La clase "com.example.teams.entity.Equipo" no implementa el interfaz "org.datanucleus.enhancement.Detachable"!
17:31:13,127 (main) DEBUG [DataNucleus.Enhancer] - La clase "com.example.teams.entity.Equipo" no tiene el campo "dnStateManager" pero lo necesita
17:31:13,127 (main) DEBUG [DataNucleus.Enhancer] - La clase "com.example.teams.entity.Equipo" no tiene el campo "dnDetachedState" pero lo necesita
17:31:13,127 (main) DEBUG [DataNucleus.Enhancer] - La clase "com.example.teams.entity.Equipo" no tiene el campo "dnInheritedFieldCount" pero lo necesita
17:31:13,127 (main) DEBUG [DataNucleus.Enhancer] - La clase "com.example.teams.entity.Equipo" no tiene el campo "dnFlags" pero lo necesita
17:31:13,127 (main) DEBUG [DataNucleus.Enhancer] - La clase "com.example.teams.entity.Equipo" no tiene el campo "dnFieldTypes" pero lo necesita
17:31:13,128 (main) DEBUG [DataNucleus.Enhancer] - La clase "com.example.teams.entity.Equipo" no tiene el campo "dnFieldNames" pero lo necesita
17:31:13,128 (main) DEBUG [DataNucleus.Enhancer] - La clase "com.example.teams.entity.Equipo" no tiene el campo "dnFieldFlags" pero lo necesita
17:31:13,128 (main) DEBUG [DataNucleus.Enhancer] - La clase "com.example.teams.entity.Equipo" no tiene el campo "dnPersistableSuperclass" pero lo necesita
17:31:13,128 (main) DEBUG [DataNucleus.Enhancer] - La clase "com.example.teams.entity.Equipo" no tiene el metodo "dnReplaceField" pero lo necesita
17:31:13,128 (main) DEBUG [DataNucleus.Enhancer] - La clase "com.example.teams.entity.Equipo" no tiene el metodo "dnIsTransactional" pero lo necesita
17:31:13,128 (main) DEBUG [DataNucleus.Enhancer] - La clase "com.example.teams.entity.Equipo" no tiene el metodo "dnNewInstance" pero lo necesita
17:31:13,128 (main) DEBUG [DataNucleus.Enhancer] - La clase "com.example.teams.entity.Equipo" no tiene el metodo "dnNewInstance" pero lo necesita
17:31:13,128 (main) DEBUG [DataNucleus.Enhancer] - La clase "com.example.teams.entity.Equipo" no tiene el metodo "dnSuperClone" pero lo necesita
17:31:13,128 (main) DEBUG [DataNucleus.Enhancer] - La clase "com.example.teams.entity.Equipo" no tiene el metodo "dnProvideFields" pero lo necesita
17:31:13,128 (main) DEBUG [DataNucleus.Enhancer] - La clase "com.example.teams.entity.Equipo" no tiene el metodo "___dn$loadClass" pero lo necesita
17:31:13,128 (main) DEBUG [DataNucleus.Enhancer] - La clase "com.example.teams.entity.Equipo" no tiene el metodo "dnGetManagedFieldCount" pero lo necesita
17:31:13,128 (main) DEBUG [DataNucleus.Enhancer] - La clase "com.example.teams.entity.Equipo" no tiene el metodo "dnIsDirty" pero lo necesita
17:31:13,128 (main) DEBUG [DataNucleus.Enhancer] - La clase "com.example.teams.entity.Equipo" no tiene el metodo "dnReplaceStateManager" pero lo necesita
17:31:13,128 (main) DEBUG [DataNucleus.Enhancer] - La clase "com.example.teams.entity.Equipo" no tiene el metodo "dnReplaceFlags" pero lo necesita
17:31:13,128 (main) DEBUG [DataNucleus.Enhancer] - La clase "com.example.teams.entity.Equipo" no tiene el metodo "dnIsDetached" pero lo necesita
17:31:13,128 (main) DEBUG [DataNucleus.Enhancer] - La clase "com.example.teams.entity.Equipo" no tiene el metodo "dnMakeDirty" pero lo necesita
17:31:13,128 (main) DEBUG [DataNucleus.Enhancer] - La clase "com.example.teams.entity.Equipo" no tiene el metodo "__dnPersistableSuperclassInit" pero lo necesita
17:31:13,128 (main) DEBUG [DataNucleus.Enhancer] - La clase "com.example.teams.entity.Equipo" no tiene el metodo "dnIsDeleted" pero lo necesita
17:31:13,128 (main) DEBUG [DataNucleus.Enhancer] - La clase "com.example.teams.entity.Equipo" no tiene el metodo "__dnFieldFlagsInit" pero lo necesita
17:31:13,128 (main) DEBUG [DataNucleus.Enhancer] - La clase "com.example.teams.entity.Equipo" no tiene el metodo "__dnFieldTypesInit" pero lo necesita
17:31:13,128 (main) DEBUG [DataNucleus.Enhancer] - La clase "com.example.teams.entity.Equipo" no tiene el metodo "dnProvideField" pero lo necesita
17:31:13,128 (main) DEBUG [DataNucleus.Enhancer] - La clase "com.example.teams.entity.Equipo" no tiene el metodo "dnPreSerialize" pero lo necesita
17:31:13,128 (main) DEBUG [DataNucleus.Enhancer] - La clase "com.example.teams.entity.Equipo" no tiene el metodo "dnGetObjectId" pero lo necesita
17:31:13,128 (main) DEBUG [DataNucleus.Enhancer] - La clase "com.example.teams.entity.Equipo" no tiene el metodo "dnGetVersion" pero lo necesita
17:31:13,129 (main) DEBUG [DataNucleus.Enhancer] - La clase "com.example.teams.entity.Equipo" no tiene el metodo "dnGetTransactionalObjectId" pero lo necesita
17:31:13,129 (main) DEBUG [DataNucleus.Enhancer] - La clase "com.example.teams.entity.Equipo" no tiene el metodo "dnIsNew" pero lo necesita
17:31:13,129 (main) DEBUG [DataNucleus.Enhancer] - La clase "com.example.teams.entity.Equipo" no tiene el metodo "dnCopyKeyFieldsToObjectId" pero lo necesita
17:31:13,129 (main) DEBUG [DataNucleus.Enhancer] - La clase "com.example.teams.entity.Equipo" no tiene el metodo "dnCopyKeyFieldsToObjectId" pero lo necesita
17:31:13,129 (main) DEBUG [DataNucleus.Enhancer] - La clase "com.example.teams.entity.Equipo" no tiene el metodo "dnCopyField" pero lo necesita
17:31:13,129 (main) DEBUG [DataNucleus.Enhancer] - La clase "com.example.teams.entity.Equipo" no tiene el metodo "dnCopyKeyFieldsFromObjectId" pero lo necesita
17:31:13,129 (main) DEBUG [DataNucleus.Enhancer] - La clase "com.example.teams.entity.Equipo" no tiene el metodo "dnCopyKeyFieldsFromObjectId" pero lo necesita
17:31:13,129 (main) DEBUG [DataNucleus.Enhancer] - La clase "com.example.teams.entity.Equipo" no tiene el metodo "dnGetExecutionContext" pero lo necesita
17:31:13,129 (main) DEBUG [DataNucleus.Enhancer] - La clase "com.example.teams.entity.Equipo" no tiene el metodo "dnCopyFields" pero lo necesita
17:31:13,129 (main) DEBUG [DataNucleus.Enhancer] - La clase "com.example.teams.entity.Equipo" no tiene el metodo "__dnGetInheritedFieldCount" pero lo necesita
17:31:13,129 (main) DEBUG [DataNucleus.Enhancer] - La clase "com.example.teams.entity.Equipo" no tiene el metodo "dnNewObjectIdInstance" pero lo necesita
17:31:13,129 (main) DEBUG [DataNucleus.Enhancer] - La clase "com.example.teams.entity.Equipo" no tiene el metodo "dnNewObjectIdInstance" pero lo necesita
17:31:13,129 (main) DEBUG [DataNucleus.Enhancer] - La clase "com.example.teams.entity.Equipo" no tiene el metodo "dnReplaceDetachedState" pero lo necesita
17:31:13,129 (main) DEBUG [DataNucleus.Enhancer] - La clase "com.example.teams.entity.Equipo" no tiene el metodo "dnIsPersistent" pero lo necesita
17:31:13,129 (main) DEBUG [DataNucleus.Enhancer] - La clase "com.example.teams.entity.Equipo" no tiene el metodo "dnReplaceFields" pero lo necesita
17:31:13,129 (main) DEBUG [DataNucleus.Enhancer] - La clase "com.example.teams.entity.Equipo" no tiene el metodo "__dnFieldNamesInit" pero lo necesita
17:31:13,136 (main) DEBUG [DataNucleus.Enhancer] - Agregando el interfaz: org.datanucleus.enhancement.Detachable
17:31:13,136 (main) DEBUG [DataNucleus.Enhancer] - Agregando el interfaz: org.datanucleus.enhancement.Persistable
17:31:13,139 (main) DEBUG [DataNucleus.Enhancer] - Enhancing metodo original com.example.teams.entity.Equipo.<init> : ignorando enhance de set del campo "com.example.teams.entity.Equipo.idEquipo"
17:31:13,140 (main) DEBUG [DataNucleus.Enhancer] - Enhancing metodo original com.example.teams.entity.Equipo.<init> : ignorando enhance de set del campo "com.example.teams.entity.Equipo.nombre"
17:31:13,140 (main) DEBUG [DataNucleus.Enhancer] - Enhancing metodo original com.example.teams.entity.Equipo.<init> : ignorando enhance de set del campo "com.example.teams.entity.Equipo.anoFundacion"
17:31:13,140 (main) DEBUG [DataNucleus.Enhancer] - Enhancing metodo original com.example.teams.entity.Equipo.<init> : ignorando enhance de set del campo "com.example.teams.entity.Equipo.estrellas"
17:31:13,140 (main) DEBUG [DataNucleus.Enhancer] - Enhancing metodo original com.example.teams.entity.Equipo.<init> : ignorando enhance de set del campo "com.example.teams.entity.Equipo.idEquipo"
17:31:13,140 (main) DEBUG [DataNucleus.Enhancer] - Enhancing metodo original com.example.teams.entity.Equipo.<init> : ignorando enhance de set del campo "com.example.teams.entity.Equipo.nombre"
17:31:13,140 (main) DEBUG [DataNucleus.Enhancer] - Enhancing metodo original com.example.teams.entity.Equipo.<init> : ignorando enhance de set del campo "com.example.teams.entity.Equipo.anoFundacion"
17:31:13,140 (main) DEBUG [DataNucleus.Enhancer] - Enhancing metodo original com.example.teams.entity.Equipo.<init> : ignorando enhance de set del campo "com.example.teams.entity.Equipo.estrellas"
17:31:13,140 (main) DEBUG [DataNucleus.Enhancer] - Enhancing metodo original com.example.teams.entity.Equipo.getIdEquipo, cambiando el uso del campo "com.example.teams.entity.Equipo.idEquipo" para utilisar "dnGetidEquipo()"
17:31:13,140 (main) DEBUG [DataNucleus.Enhancer] - Enhancing metodo original com.example.teams.entity.Equipo.setIdEquipo, cambiando el uso del campo "com.example.teams.entity.Equipo.idEquipo" para utilisar "dnSetidEquipo()"
17:31:13,140 (main) DEBUG [DataNucleus.Enhancer] - Enhancing metodo original com.example.teams.entity.Equipo.getNombre, cambiando el uso del campo "com.example.teams.entity.Equipo.nombre" para utilisar "dnGetnombre()"
17:31:13,141 (main) DEBUG [DataNucleus.Enhancer] - Enhancing metodo original com.example.teams.entity.Equipo.setNombre, cambiando el uso del campo "com.example.teams.entity.Equipo.nombre" para utilisar "dnSetnombre()"
17:31:13,141 (main) DEBUG [DataNucleus.Enhancer] - Enhancing metodo original com.example.teams.entity.Equipo.getAnoFundacion, cambiando el uso del campo "com.example.teams.entity.Equipo.anoFundacion" para utilisar "dnGetanoFundacion()"
17:31:13,141 (main) DEBUG [DataNucleus.Enhancer] - Enhancing metodo original com.example.teams.entity.Equipo.setAnoFundacion, cambiando el uso del campo "com.example.teams.entity.Equipo.anoFundacion" para utilisar "dnSetanoFundacion()"
17:31:13,141 (main) DEBUG [DataNucleus.Enhancer] - Enhancing metodo original com.example.teams.entity.Equipo.getEstrellas, cambiando el uso del campo "com.example.teams.entity.Equipo.estrellas" para utilisar "dnGetestrellas()"
17:31:13,141 (main) DEBUG [DataNucleus.Enhancer] - Enhancing metodo original com.example.teams.entity.Equipo.setEstrellas, cambiando el uso del campo "com.example.teams.entity.Equipo.estrellas" para utilisar "dnSetestrellas()"
17:31:13,142 (main) DEBUG [DataNucleus.Enhancer] - Enhancing metodo original com.example.teams.entity.Equipo.hashCode, cambiando el uso del campo "com.example.teams.entity.Equipo.idEquipo" para utilisar "dnGetidEquipo()"
17:31:13,142 (main) DEBUG [DataNucleus.Enhancer] - Enhancing metodo original com.example.teams.entity.Equipo.hashCode, cambiando el uso del campo "com.example.teams.entity.Equipo.idEquipo" para utilisar "dnGetidEquipo()"
17:31:13,142 (main) DEBUG [DataNucleus.Enhancer] - Enhancing metodo original com.example.teams.entity.Equipo.equals, cambiando el uso del campo "com.example.teams.entity.Equipo.idEquipo" para utilisar "dnGetidEquipo()"
17:31:13,142 (main) DEBUG [DataNucleus.Enhancer] - Enhancing metodo original com.example.teams.entity.Equipo.equals, cambiando el uso del campo "com.example.teams.entity.Equipo.idEquipo" para utilisar "dnGetidEquipo()"
17:31:13,142 (main) DEBUG [DataNucleus.Enhancer] - Enhancing metodo original com.example.teams.entity.Equipo.equals, cambiando el uso del campo "com.example.teams.entity.Equipo.idEquipo" para utilisar "dnGetidEquipo()"
17:31:13,142 (main) DEBUG [DataNucleus.Enhancer] - Enhancing metodo original com.example.teams.entity.Equipo.equals, cambiando el uso del campo "com.example.teams.entity.Equipo.idEquipo" para utilisar "dnGetidEquipo()"
17:31:13,143 (main) DEBUG [DataNucleus.Enhancer] - Enhancing metodo original com.example.teams.entity.Equipo.toString, cambiando el uso del campo "com.example.teams.entity.Equipo.idEquipo" para utilisar "dnGetidEquipo()"
17:31:13,143 (main) DEBUG [DataNucleus.Enhancer] - Enhancing metodo original com.example.teams.entity.Equipo.toString, cambiando el uso del campo "com.example.teams.entity.Equipo.nombre" para utilisar "dnGetnombre()"
17:31:13,143 (main) DEBUG [DataNucleus.Enhancer] - Enhancing metodo original com.example.teams.entity.Equipo.toString, cambiando el uso del campo "com.example.teams.entity.Equipo.anoFundacion" para utilisar "dnGetanoFundacion()"
17:31:13,143 (main) DEBUG [DataNucleus.Enhancer] - Enhancing metodo original com.example.teams.entity.Equipo.toString, cambiando el uso del campo "com.example.teams.entity.Equipo.estrellas" para utilisar "dnGetestrellas()"
17:31:13,143 (main) DEBUG [DataNucleus.Enhancer] - Agregando el campo "org.datanucleus.enhancement.StateManager dnStateManager"
17:31:13,143 (main) DEBUG [DataNucleus.Enhancer] - Agregando el campo "byte dnFlags"
17:31:13,143 (main) DEBUG [DataNucleus.Enhancer] - Agregando el campo "[Ljava.lang.Object; dnDetachedState"
17:31:13,143 (main) DEBUG [DataNucleus.Enhancer] - Agregando el campo "[B dnFieldFlags"
17:31:13,143 (main) DEBUG [DataNucleus.Enhancer] - Agregando el campo "java.lang.Class dnPersistableSuperclass"
17:31:13,143 (main) DEBUG [DataNucleus.Enhancer] - Agregando el campo "[Ljava.lang.Class; dnFieldTypes"
17:31:13,143 (main) DEBUG [DataNucleus.Enhancer] - Agregando el campo "[Ljava.lang.String; dnFieldNames"
17:31:13,143 (main) DEBUG [DataNucleus.Enhancer] - Agregando el campo "int dnInheritedFieldCount"
17:31:13,144 (main) DEBUG [DataNucleus.Enhancer] - Agregando el metodo "void <clinit>()"
17:31:13,145 (main) DEBUG [DataNucleus.Enhancer] - Agregando el metodo "void dnCopyKeyFieldsFromObjectId(org.datanucleus.enhancement.Persistable$ObjectIdFieldConsumer fc, java.lang.Object oid)"
17:31:13,145 (main) DEBUG [DataNucleus.Enhancer] - Agregando el metodo "void dnCopyKeyFieldsFromObjectId(java.lang.Object oid)"
17:31:13,145 (main) DEBUG [DataNucleus.Enhancer] - Agregando el metodo "void dnCopyKeyFieldsToObjectId(java.lang.Object oid)"
17:31:13,145 (main) DEBUG [DataNucleus.Enhancer] - Agregando el metodo "void dnCopyKeyFieldsToObjectId(org.datanucleus.enhancement.Persistable$ObjectIdFieldSupplier fs, java.lang.Object oid)"
17:31:13,146 (main) DEBUG [DataNucleus.Enhancer] - Agregando el metodo "java.lang.Object dnGetObjectId()"
17:31:13,146 (main) DEBUG [DataNucleus.Enhancer] - Agregando el metodo "java.lang.Object dnGetVersion()"
17:31:13,146 (main) DEBUG [DataNucleus.Enhancer] - Agregando el metodo "void dnPreSerialize()"
17:31:13,147 (main) DEBUG [DataNucleus.Enhancer] - Agregando el metodo "org.datanucleus.enhancement.ExecutionContextReference dnGetExecutionContext()"
17:31:13,147 (main) DEBUG [DataNucleus.Enhancer] - Agregando el metodo "java.lang.Object dnGetTransactionalObjectId()"
17:31:13,147 (main) DEBUG [DataNucleus.Enhancer] - Agregando el metodo "boolean dnIsDeleted()"
17:31:13,147 (main) DEBUG [DataNucleus.Enhancer] - Agregando el metodo "boolean dnIsDirty()"
17:31:13,147 (main) DEBUG [DataNucleus.Enhancer] - Agregando el metodo "boolean dnIsNew()"
17:31:13,147 (main) DEBUG [DataNucleus.Enhancer] - Agregando el metodo "boolean dnIsPersistent()"
17:31:13,147 (main) DEBUG [DataNucleus.Enhancer] - Agregando el metodo "boolean dnIsTransactional()"
17:31:13,147 (main) DEBUG [DataNucleus.Enhancer] - Agregando el metodo "void dnMakeDirty(java.lang.String fieldName)"
17:31:13,148 (main) DEBUG [DataNucleus.Enhancer] - Agregando el metodo "java.lang.Object dnNewObjectIdInstance()"
17:31:13,148 (main) DEBUG [DataNucleus.Enhancer] - Agregando el metodo "java.lang.Object dnNewObjectIdInstance(java.lang.Object key)"
17:31:13,148 (main) DEBUG [DataNucleus.Enhancer] - Agregando el metodo "void dnProvideFields([I indices)"
17:31:13,148 (main) DEBUG [DataNucleus.Enhancer] - Agregando el metodo "void dnReplaceFields([I indices)"
17:31:13,148 (main) DEBUG [DataNucleus.Enhancer] - Agregando el metodo "void dnReplaceFlags()"
17:31:13,148 (main) DEBUG [DataNucleus.Enhancer] - Agregando el metodo "void dnReplaceStateManager(org.datanucleus.enhancement.StateManager sm)"
17:31:13,148 (main) DEBUG [DataNucleus.Enhancer] - Agregando el metodo "void dnReplaceDetachedState()"
17:31:13,149 (main) DEBUG [DataNucleus.Enhancer] - Agregando el metodo "boolean dnIsDetached()"
17:31:13,149 (main) DEBUG [DataNucleus.Enhancer] - Agregando el metodo "org.datanucleus.enhancement.Persistable dnNewInstance(org.datanucleus.enhancement.StateManager sm)"
17:31:13,149 (main) DEBUG [DataNucleus.Enhancer] - Agregando el metodo "org.datanucleus.enhancement.Persistable dnNewInstance(org.datanucleus.enhancement.StateManager sm, java.lang.Object obj)"
17:31:13,149 (main) DEBUG [DataNucleus.Enhancer] - Agregando el metodo "void dnReplaceField(int index)"
17:31:13,149 (main) DEBUG [DataNucleus.Enhancer] - Agregando el metodo "void dnProvideField(int index)"
17:31:13,149 (main) DEBUG [DataNucleus.Enhancer] - Agregando el metodo "void dnCopyField(com.example.teams.entity.Equipo obj, int index)"
17:31:13,150 (main) DEBUG [DataNucleus.Enhancer] - Agregando el metodo "void dnCopyFields(java.lang.Object obj, [I indices)"
17:31:13,150 (main) DEBUG [DataNucleus.Enhancer] - Agregando el metodo "[Ljava.lang.String; __dnFieldNamesInit()"
17:31:13,150 (main) DEBUG [DataNucleus.Enhancer] - Agregando el metodo "[Ljava.lang.Class; __dnFieldTypesInit()"
17:31:13,150 (main) DEBUG [DataNucleus.Enhancer] - Agregando el metodo "[B __dnFieldFlagsInit()"
17:31:13,150 (main) DEBUG [DataNucleus.Enhancer] - Agregando el metodo "int __dnGetInheritedFieldCount()"
17:31:13,150 (main) DEBUG [DataNucleus.Enhancer] - Agregando el metodo "int dnGetManagedFieldCount()"
17:31:13,150 (main) DEBUG [DataNucleus.Enhancer] - Agregando el metodo "java.lang.Class __dnPersistableSuperclassInit()"
17:31:13,151 (main) DEBUG [DataNucleus.Enhancer] - Agregando el metodo "java.lang.Class ___dn$loadClass(java.lang.String className)"
17:31:13,151 (main) DEBUG [DataNucleus.Enhancer] - Agregando el metodo "java.lang.Object dnSuperClone()"
17:31:13,152 (main) DEBUG [DataNucleus.Enhancer] - Agregando el metodo "void writeObject(java.io.ObjectOutputStream out)"
17:31:13,152 (main) DEBUG [DataNucleus.Enhancer] - Agregando el metodo "int dnGetanoFundacion(com.example.teams.entity.Equipo objPC)"
17:31:13,153 (main) DEBUG [DataNucleus.Enhancer] - Agregando el metodo "void dnSetanoFundacion(com.example.teams.entity.Equipo objPC, int val)"
17:31:13,153 (main) DEBUG [DataNucleus.Enhancer] - Agregando el metodo "int dnGetestrellas(com.example.teams.entity.Equipo objPC)"
17:31:13,153 (main) DEBUG [DataNucleus.Enhancer] - Agregando el metodo "void dnSetestrellas(com.example.teams.entity.Equipo objPC, int val)"
17:31:13,153 (main) DEBUG [DataNucleus.Enhancer] - Agregando el metodo "java.lang.String dnGetidEquipo(com.example.teams.entity.Equipo objPC)"
17:31:13,153 (main) DEBUG [DataNucleus.Enhancer] - Agregando el metodo "void dnSetidEquipo(com.example.teams.entity.Equipo objPC, java.lang.String val)"
17:31:13,154 (main) DEBUG [DataNucleus.Enhancer] - Agregando el metodo "java.lang.String dnGetnombre(com.example.teams.entity.Equipo objPC)"
17:31:13,154 (main) DEBUG [DataNucleus.Enhancer] - Agregando el metodo "void dnSetnombre(com.example.teams.entity.Equipo objPC, java.lang.String val)"
17:31:13,154 (main) INFO  [DataNucleus.Enhancer] - Escribiendo el archivo de clase "C:\Users\alejo\Desktop\backend2\target\echo-1.0-SNAPSHOT\WEB-INF\classes\com\example\teams\entity\Equipo.class" con definicion enhanced
17:31:13,162 (main) INFO  [DataNucleus.Enhancer] - ENHANCED (Persistable) : com.example.teams.entity.Equipo
17:31:13,162 (main) DEBUG [DataNucleus.Enhancer] - Enhance de la clase "com.example.teams.entity.Equipo" ha terminado
17:31:13,163 (main) INFO  [DataNucleus.Enhancer] - DataNucleus Enhancer ha terminado con exito para 1 clases. Tiempos : input=78 ms, enhance=60 ms, total=138 ms. Compruebe el LOG para los detalles
17:31:40,063 (main) DEBUG [DataNucleus.General] - Using PluginRegistry org.datanucleus.plugin.NonManagedPluginRegistry
17:31:40,117 (main) DEBUG [DataNucleus.General] - Registering bundle org.sonatype.inject version 2.3.0 at URL file:/C:/Users/alejo/.m2/repository/org/sonatype/sisu/sisu-inject-bean/2.3.0/sisu-inject-bean-2.3.0.jar.
17:31:40,149 (main) DEBUG [DataNucleus.General] - Loading extension points from plug-in file jar:file:/C:/Users/alejo/.m2/repository/org/sonatype/sisu/sisu-inject-bean/2.3.0/sisu-inject-bean-2.3.0.jar!/plugin.xml.
17:31:40,151 (main) DEBUG [DataNucleus.General] - Loading extensions from plug-in file jar:file:/C:/Users/alejo/.m2/repository/org/sonatype/sisu/sisu-inject-bean/2.3.0/sisu-inject-bean-2.3.0.jar!/plugin.xml.
17:31:40,153 (main) DEBUG [DataNucleus.General] - Registering bundle org.datanucleus version 4.1.11 at URL file:/C:/Users/alejo/.m2/repository/org/datanucleus/datanucleus-core/4.1.11/datanucleus-core-4.1.11.jar.
17:31:40,174 (main) DEBUG [DataNucleus.General] - Loading extension points from plug-in file jar:file:/C:/Users/alejo/.m2/repository/org/datanucleus/datanucleus-core/4.1.11/datanucleus-core-4.1.11.jar!/plugin.xml.
17:31:40,191 (main) DEBUG [DataNucleus.General] - Loading extensions from plug-in file jar:file:/C:/Users/alejo/.m2/repository/org/datanucleus/datanucleus-core/4.1.11/datanucleus-core-4.1.11.jar!/plugin.xml.
17:31:40,196 (main) DEBUG [DataNucleus.General] - Registering bundle org.datanucleus.api.jpa version 4.1.10 at URL file:/C:/Users/alejo/.m2/repository/org/datanucleus/datanucleus-api-jpa/4.1.10/datanucleus-api-jpa-4.1.10.jar.
17:31:40,198 (main) DEBUG [DataNucleus.General] - Loading extension points from plug-in file jar:file:/C:/Users/alejo/.m2/repository/org/datanucleus/datanucleus-api-jpa/4.1.10/datanucleus-api-jpa-4.1.10.jar!/plugin.xml.
17:31:40,199 (main) DEBUG [DataNucleus.General] - Loading extensions from plug-in file jar:file:/C:/Users/alejo/.m2/repository/org/datanucleus/datanucleus-api-jpa/4.1.10/datanucleus-api-jpa-4.1.10.jar!/plugin.xml.
17:31:40,200 (main) DEBUG [DataNucleus.General] - Registering bundle org.datanucleus.jpa.query version 4.0.5 at URL file:/C:/Users/alejo/.m2/repository/org/datanucleus/datanucleus-jpa-query/4.0.5/datanucleus-jpa-query-4.0.5.jar.
17:31:40,201 (main) DEBUG [DataNucleus.General] - Loading extension points from plug-in file jar:file:/C:/Users/alejo/.m2/repository/org/datanucleus/datanucleus-jpa-query/4.0.5/datanucleus-jpa-query-4.0.5.jar!/plugin.xml.
17:31:40,201 (main) DEBUG [DataNucleus.General] - Loading extensions from plug-in file jar:file:/C:/Users/alejo/.m2/repository/org/datanucleus/datanucleus-jpa-query/4.0.5/datanucleus-jpa-query-4.0.5.jar!/plugin.xml.
17:31:40,204 (main) DEBUG [DataNucleus.General] - Registering bundle org.datanucleus.store.rdbms version 4.1.13 at URL file:/C:/Users/alejo/.m2/repository/org/datanucleus/datanucleus-rdbms/4.1.13/datanucleus-rdbms-4.1.13.jar.
17:31:40,225 (main) DEBUG [DataNucleus.General] - Loading extension points from plug-in file jar:file:/C:/Users/alejo/.m2/repository/org/datanucleus/datanucleus-rdbms/4.1.13/datanucleus-rdbms-4.1.13.jar!/plugin.xml.
17:31:40,231 (main) DEBUG [DataNucleus.General] - Loading extensions from plug-in file jar:file:/C:/Users/alejo/.m2/repository/org/datanucleus/datanucleus-rdbms/4.1.13/datanucleus-rdbms-4.1.13.jar!/plugin.xml.
17:31:40,259 (main) DEBUG [DataNucleus.Persistence] - Tipos de Java inicializando ...
17:31:40,300 (main) DEBUG [DataNucleus.Persistence] - Soporte para tipos de Java listo : tipos soportados = [B, [C, [D, [F, [I, [J, [Ljava.lang.Boolean;, [Ljava.lang.Byte;, [Ljava.lang.Character;, [Ljava.lang.Double;, [Ljava.lang.Enum;, [Ljava.lang.Float;, [Ljava.lang.Integer;, [Ljava.lang.Long;, [Ljava.lang.Number;, [Ljava.lang.Short;, [Ljava.lang.String;, [Ljava.math.BigDecimal;, [Ljava.math.BigInteger;, [Ljava.util.Date;, [Ljava.util.Locale;, [S, [Z, boolean, byte, char, double, float, int, java.awt.Color, java.awt.image.BufferedImage, java.lang.Boolean, java.lang.Byte, java.lang.Character, java.lang.Class, java.lang.Double, java.lang.Enum, java.lang.Float, java.lang.Integer, java.lang.Long, java.lang.Number, java.lang.Short, java.lang.String, java.lang.StringBuffer, java.lang.StringBuilder, java.math.BigDecimal, java.math.BigInteger, java.net.URI, java.net.URL, java.sql.Date, java.sql.Time, java.sql.Timestamp, java.util.ArrayList, java.util.Arrays$ArrayList, java.util.BitSet, java.util.Calendar, java.util.Collection, java.util.Currency, java.util.Date, java.util.GregorianCalendar, java.util.HashMap, java.util.HashSet, java.util.Hashtable, java.util.LinkedHashMap, java.util.LinkedHashSet, java.util.LinkedList, java.util.List, java.util.Locale, java.util.Map, java.util.PriorityQueue, java.util.Properties, java.util.Queue, java.util.Set, java.util.SortedMap, java.util.SortedSet, java.util.Stack, java.util.TimeZone, java.util.TreeMap, java.util.TreeSet, java.util.UUID, java.util.Vector, long, short
17:31:40,300 (main) DEBUG [DataNucleus.Persistence] - Inicializando TypeConverters ...
17:31:40,334 (main) DEBUG [DataNucleus.Persistence] - TypeConverters listo
17:31:40,334 (main) DEBUG [DataNucleus.Persistence] - TypeConverter(s) available for byte[] to : java.nio.ByteBuffer
17:31:40,334 (main) DEBUG [DataNucleus.Persistence] - TypeConverter(s) available for char[] to : java.nio.ByteBuffer
17:31:40,334 (main) DEBUG [DataNucleus.Persistence] - TypeConverter(s) available for double[] to : java.nio.ByteBuffer
17:31:40,334 (main) DEBUG [DataNucleus.Persistence] - TypeConverter(s) available for float[] to : java.nio.ByteBuffer
17:31:40,334 (main) DEBUG [DataNucleus.Persistence] - TypeConverter(s) available for int[] to : java.nio.ByteBuffer
17:31:40,334 (main) DEBUG [DataNucleus.Persistence] - TypeConverter(s) available for long[] to : java.nio.ByteBuffer
17:31:40,334 (main) DEBUG [DataNucleus.Persistence] - TypeConverter(s) available for short[] to : java.nio.ByteBuffer
17:31:40,334 (main) DEBUG [DataNucleus.Persistence] - TypeConverter(s) available for boolean[] to : java.nio.ByteBuffer
17:31:40,334 (main) DEBUG [DataNucleus.Persistence] - TypeConverter(s) available for java.awt.Color to : java.lang.String,int[]
17:31:40,334 (main) DEBUG [DataNucleus.Persistence] - TypeConverter(s) available for java.io.Serializable to : java.lang.String,java.nio.ByteBuffer,byte[]
17:31:40,334 (main) DEBUG [DataNucleus.Persistence] - TypeConverter(s) available for java.lang.Boolean to : java.lang.Integer,java.lang.Character
17:31:40,334 (main) DEBUG [DataNucleus.Persistence] - TypeConverter(s) available for java.lang.Character to : java.lang.String
17:31:40,334 (main) DEBUG [DataNucleus.Persistence] - TypeConverter(s) available for java.lang.Class to : java.lang.String
17:31:40,334 (main) DEBUG [DataNucleus.Persistence] - TypeConverter(s) available for java.lang.Integer to : java.lang.String
17:31:40,335 (main) DEBUG [DataNucleus.Persistence] - TypeConverter(s) available for java.lang.Long to : java.lang.String
17:31:40,335 (main) DEBUG [DataNucleus.Persistence] - TypeConverter(s) available for java.lang.StringBuffer to : java.lang.String
17:31:40,335 (main) DEBUG [DataNucleus.Persistence] - TypeConverter(s) available for java.lang.StringBuilder to : java.lang.String
17:31:40,335 (main) DEBUG [DataNucleus.Persistence] - TypeConverter(s) available for java.math.BigDecimal to : java.lang.String,java.nio.ByteBuffer,java.lang.Double
17:31:40,335 (main) DEBUG [DataNucleus.Persistence] - TypeConverter(s) available for java.math.BigInteger to : java.lang.Long,java.lang.String,java.nio.ByteBuffer
17:31:40,335 (main) DEBUG [DataNucleus.Persistence] - TypeConverter(s) available for java.net.URI to : java.lang.String
17:31:40,335 (main) DEBUG [DataNucleus.Persistence] - TypeConverter(s) available for java.net.URL to : java.lang.String
17:31:40,335 (main) DEBUG [DataNucleus.Persistence] - TypeConverter(s) available for java.sql.Date to : java.lang.Long,java.util.Date,java.lang.String
17:31:40,336 (main) DEBUG [DataNucleus.Persistence] - TypeConverter(s) available for java.sql.Time to : java.lang.Long,java.util.Date,java.lang.String
17:31:40,336 (main) DEBUG [DataNucleus.Persistence] - TypeConverter(s) available for java.sql.Timestamp to : java.lang.Long,java.util.Date,java.lang.String
17:31:40,336 (main) DEBUG [DataNucleus.Persistence] - TypeConverter(s) available for java.util.BitSet to : java.lang.String
17:31:40,336 (main) DEBUG [DataNucleus.Persistence] - TypeConverter(s) available for java.util.Calendar to : [Ljava.lang.Object;,java.util.Date,java.lang.String,java.sql.Timestamp
17:31:40,336 (main) DEBUG [DataNucleus.Persistence] - TypeConverter(s) available for java.util.Currency to : java.lang.String
17:31:40,336 (main) DEBUG [DataNucleus.Persistence] - TypeConverter(s) available for java.util.Date to : java.lang.Long,java.lang.String
17:31:40,336 (main) DEBUG [DataNucleus.Persistence] - TypeConverter(s) available for java.util.Locale to : java.lang.String
17:31:40,336 (main) DEBUG [DataNucleus.Persistence] - TypeConverter(s) available for java.util.TimeZone to : java.lang.String
17:31:40,336 (main) DEBUG [DataNucleus.Persistence] - TypeConverter(s) available for java.util.UUID to : java.lang.String
17:31:40,337 (main) DEBUG [DataNucleus.MetaData] - MetaDataManager : Input=(XML,Annotations), XML-Validation=false
17:31:40,337 (main) INFO  [DataNucleus.Enhancer] - DataNucleus Enhancer (versión 4.1.11) para el API "JPA" utilisando el JRE "{2}"
17:31:40,338 (main) DEBUG [DataNucleus.Enhancer] - DataNucleus Enhancer : Classpath
17:31:40,338 (main) DEBUG [DataNucleus.Enhancer] - >>  C:\Users\alejo\.m2\repository\org\datanucleus\datanucleus-maven-plugin\4.0.5\datanucleus-maven-plugin-4.0.5.jar
17:31:40,338 (main) DEBUG [DataNucleus.Enhancer] - >>  C:\Users\alejo\.m2\repository\org\codehaus\plexus\plexus-utils\3.0.8\plexus-utils-3.0.8.jar
17:31:40,338 (main) DEBUG [DataNucleus.Enhancer] - >>  C:\Users\alejo\.m2\repository\org\apache\maven\maven-artifact\3.0.4\maven-artifact-3.0.4.jar
17:31:40,338 (main) DEBUG [DataNucleus.Enhancer] - >>  C:\Users\alejo\.m2\repository\org\apache\maven\maven-plugin-api\3.0.4\maven-plugin-api-3.0.4.jar
17:31:40,338 (main) DEBUG [DataNucleus.Enhancer] - >>  C:\Users\alejo\.m2\repository\org\apache\maven\maven-model\3.0.4\maven-model-3.0.4.jar
17:31:40,338 (main) DEBUG [DataNucleus.Enhancer] - >>  C:\Users\alejo\.m2\repository\org\sonatype\sisu\sisu-inject-plexus\2.3.0\sisu-inject-plexus-2.3.0.jar
17:31:40,339 (main) DEBUG [DataNucleus.Enhancer] - >>  C:\Users\alejo\.m2\repository\org\codehaus\plexus\plexus-component-annotations\1.5.5\plexus-component-annotations-1.5.5.jar
17:31:40,339 (main) DEBUG [DataNucleus.Enhancer] - >>  C:\Users\alejo\.m2\repository\org\sonatype\sisu\sisu-inject-bean\2.3.0\sisu-inject-bean-2.3.0.jar
17:31:40,339 (main) DEBUG [DataNucleus.Enhancer] - >>  C:\Users\alejo\.m2\repository\org\sonatype\sisu\sisu-guice\3.1.0\sisu-guice-3.1.0-no_aop.jar
17:31:40,339 (main) DEBUG [DataNucleus.Enhancer] - >>  C:\Users\alejo\.m2\repository\org\sonatype\sisu\sisu-guava\0.9.9\sisu-guava-0.9.9.jar
17:31:40,339 (main) DEBUG [DataNucleus.Enhancer] - >>  C:\Users\alejo\.m2\repository\org\codehaus\plexus\plexus-container-default\1.5.5\plexus-container-default-1.5.5.jar
17:31:40,339 (main) DEBUG [DataNucleus.Enhancer] - >>  C:\Users\alejo\.m2\repository\org\codehaus\plexus\plexus-classworlds\2.2.2\plexus-classworlds-2.2.2.jar
17:31:40,339 (main) DEBUG [DataNucleus.Enhancer] - >>  C:\Users\alejo\.m2\repository\org\apache\xbean\xbean-reflect\3.4\xbean-reflect-3.4.jar
17:31:40,339 (main) DEBUG [DataNucleus.Enhancer] - >>  C:\Users\alejo\.m2\repository\log4j\log4j\1.2.12\log4j-1.2.12.jar
17:31:40,340 (main) DEBUG [DataNucleus.Enhancer] - >>  C:\Users\alejo\.m2\repository\commons-logging\commons-logging-api\1.1\commons-logging-api-1.1.jar
17:31:40,340 (main) DEBUG [DataNucleus.Enhancer] - >>  C:\Users\alejo\.m2\repository\com\google\collections\google-collections\1.0\google-collections-1.0.jar
17:31:40,340 (main) DEBUG [DataNucleus.Enhancer] - >>  C:\Users\alejo\.m2\repository\junit\junit\3.8.2\junit-3.8.2.jar
17:31:40,340 (main) DEBUG [DataNucleus.Enhancer] - >>  C:\Users\alejo\Desktop\backend2\target\echo-1.0-SNAPSHOT\WEB-INF\classes
17:31:40,340 (main) DEBUG [DataNucleus.Enhancer] - >>  C:\Users\alejo\.m2\repository\org\datanucleus\datanucleus-core\4.1.11\datanucleus-core-4.1.11.jar
17:31:40,340 (main) DEBUG [DataNucleus.Enhancer] - >>  C:\Users\alejo\.m2\repository\org\datanucleus\datanucleus-api-jpa\4.1.10\datanucleus-api-jpa-4.1.10.jar
17:31:40,340 (main) DEBUG [DataNucleus.Enhancer] - >>  C:\Users\alejo\.m2\repository\org\datanucleus\datanucleus-jpa-query\4.0.5\datanucleus-jpa-query-4.0.5.jar
17:31:40,340 (main) DEBUG [DataNucleus.Enhancer] - >>  C:\Users\alejo\.m2\repository\org\datanucleus\datanucleus-rdbms\4.1.13\datanucleus-rdbms-4.1.13.jar
17:31:40,340 (main) DEBUG [DataNucleus.Enhancer] - >>  C:\Users\alejo\.m2\repository\org\datanucleus\javax.persistence\2.1.2\javax.persistence-2.1.2.jar
17:31:40,340 (main) DEBUG [DataNucleus.Enhancer] - >>  C:\Users\alejo\.m2\repository\log4j\log4j\1.2.17\log4j-1.2.17.jar
17:31:40,340 (main) DEBUG [DataNucleus.Enhancer] - >>  C:\Users\alejo\.m2\repository\mysql\mysql-connector-java\5.1.17\mysql-connector-java-5.1.17.jar
17:31:40,340 (main) DEBUG [DataNucleus.Enhancer] - >>  C:\Users\alejo\.m2\repository\org\modelmapper\modelmapper\1.0.0\modelmapper-1.0.0.jar
17:31:40,340 (main) DEBUG [DataNucleus.Enhancer] - >>  C:\Users\alejo\.m2\repository\com\google\endpoints\endpoints-framework\2.0.8\endpoints-framework-2.0.8.jar
17:31:40,341 (main) DEBUG [DataNucleus.Enhancer] - >>  C:\Users\alejo\.m2\repository\com\google\guava\guava\19.0\guava-19.0.jar
17:31:40,341 (main) DEBUG [DataNucleus.Enhancer] - >>  C:\Users\alejo\.m2\repository\com\fasterxml\jackson\core\jackson-annotations\2.6.4\jackson-annotations-2.6.4.jar
17:31:40,341 (main) DEBUG [DataNucleus.Enhancer] - >>  C:\Users\alejo\.m2\repository\com\fasterxml\jackson\core\jackson-core\2.6.4\jackson-core-2.6.4.jar
17:31:40,341 (main) DEBUG [DataNucleus.Enhancer] - >>  C:\Users\alejo\.m2\repository\com\fasterxml\jackson\core\jackson-databind\2.6.4\jackson-databind-2.6.4.jar
17:31:40,341 (main) DEBUG [DataNucleus.Enhancer] - >>  C:\Users\alejo\.m2\repository\com\google\http-client\google-http-client-jackson2\1.21.0\google-http-client-jackson2-1.21.0.jar
17:31:40,341 (main) DEBUG [DataNucleus.Enhancer] - >>  C:\Users\alejo\.m2\repository\com\google\http-client\google-http-client\1.21.0\google-http-client-1.21.0.jar
17:31:40,341 (main) DEBUG [DataNucleus.Enhancer] - >>  C:\Users\alejo\.m2\repository\org\apache\httpcomponents\httpclient\4.0.1\httpclient-4.0.1.jar
17:31:40,341 (main) DEBUG [DataNucleus.Enhancer] - >>  C:\Users\alejo\.m2\repository\org\apache\httpcomponents\httpcore\4.0.1\httpcore-4.0.1.jar
17:31:40,341 (main) DEBUG [DataNucleus.Enhancer] - >>  C:\Users\alejo\.m2\repository\commons-logging\commons-logging\1.1.1\commons-logging-1.1.1.jar
17:31:40,341 (main) DEBUG [DataNucleus.Enhancer] - >>  C:\Users\alejo\.m2\repository\commons-codec\commons-codec\1.3\commons-codec-1.3.jar
17:31:40,342 (main) DEBUG [DataNucleus.Enhancer] - >>  C:\Users\alejo\.m2\repository\com\google\api-client\google-api-client\1.21.0\google-api-client-1.21.0.jar
17:31:40,342 (main) DEBUG [DataNucleus.Enhancer] - >>  C:\Users\alejo\.m2\repository\com\google\oauth-client\google-oauth-client\1.21.0\google-oauth-client-1.21.0.jar
17:31:40,342 (main) DEBUG [DataNucleus.Enhancer] - >>  C:\Users\alejo\.m2\repository\com\google\api-client\google-api-client-appengine\1.21.0\google-api-client-appengine-1.21.0.jar
17:31:40,342 (main) DEBUG [DataNucleus.Enhancer] - >>  C:\Users\alejo\.m2\repository\com\google\oauth-client\google-oauth-client-appengine\1.21.0\google-oauth-client-appengine-1.21.0.jar
17:31:40,342 (main) DEBUG [DataNucleus.Enhancer] - >>  C:\Users\alejo\.m2\repository\com\google\oauth-client\google-oauth-client-servlet\1.21.0\google-oauth-client-servlet-1.21.0.jar
17:31:40,342 (main) DEBUG [DataNucleus.Enhancer] - >>  C:\Users\alejo\.m2\repository\com\google\http-client\google-http-client-jdo\1.21.0\google-http-client-jdo-1.21.0.jar
17:31:40,342 (main) DEBUG [DataNucleus.Enhancer] - >>  C:\Users\alejo\.m2\repository\com\google\api-client\google-api-client-servlet\1.21.0\google-api-client-servlet-1.21.0.jar
17:31:40,342 (main) DEBUG [DataNucleus.Enhancer] - >>  C:\Users\alejo\.m2\repository\javax\jdo\jdo2-api\2.3-eb\jdo2-api-2.3-eb.jar
17:31:40,342 (main) DEBUG [DataNucleus.Enhancer] - >>  C:\Users\alejo\.m2\repository\javax\transaction\transaction-api\1.1\transaction-api-1.1.jar
17:31:40,342 (main) DEBUG [DataNucleus.Enhancer] - >>  C:\Users\alejo\.m2\repository\com\google\http-client\google-http-client-appengine\1.21.0\google-http-client-appengine-1.21.0.jar
17:31:40,342 (main) DEBUG [DataNucleus.Enhancer] - >>  C:\Users\alejo\.m2\repository\com\google\code\findbugs\jsr305\3.0.1\jsr305-3.0.1.jar
17:31:40,342 (main) DEBUG [DataNucleus.Enhancer] - >>  C:\Users\alejo\.m2\repository\io\swagger\swagger-models\1.5.9\swagger-models-1.5.9.jar
17:31:40,343 (main) DEBUG [DataNucleus.Enhancer] - >>  C:\Users\alejo\.m2\repository\org\slf4j\slf4j-api\1.6.3\slf4j-api-1.6.3.jar
17:31:40,343 (main) DEBUG [DataNucleus.Enhancer] - >>  C:\Users\alejo\.m2\repository\io\swagger\swagger-annotations\1.5.9\swagger-annotations-1.5.9.jar
17:31:40,343 (main) DEBUG [DataNucleus.Enhancer] - >>  C:\Users\alejo\.m2\repository\io\swagger\swagger-core\1.5.9\swagger-core-1.5.9.jar
17:31:40,343 (main) DEBUG [DataNucleus.Enhancer] - >>  C:\Users\alejo\.m2\repository\org\apache\commons\commons-lang3\3.2.1\commons-lang3-3.2.1.jar
17:31:40,343 (main) DEBUG [DataNucleus.Enhancer] - >>  C:\Users\alejo\.m2\repository\com\fasterxml\jackson\datatype\jackson-datatype-joda\2.4.5\jackson-datatype-joda-2.4.5.jar
17:31:40,343 (main) DEBUG [DataNucleus.Enhancer] - >>  C:\Users\alejo\.m2\repository\joda-time\joda-time\2.2\joda-time-2.2.jar
17:31:40,343 (main) DEBUG [DataNucleus.Enhancer] - >>  C:\Users\alejo\.m2\repository\com\fasterxml\jackson\dataformat\jackson-dataformat-yaml\2.4.5\jackson-dataformat-yaml-2.4.5.jar
17:31:40,343 (main) DEBUG [DataNucleus.Enhancer] - >>  C:\Users\alejo\.m2\repository\org\yaml\snakeyaml\1.12\snakeyaml-1.12.jar
17:31:40,343 (main) DEBUG [DataNucleus.Enhancer] - >>  C:\Users\alejo\.m2\repository\javax\validation\validation-api\1.1.0.Final\validation-api-1.1.0.Final.jar
17:31:40,343 (main) DEBUG [DataNucleus.Enhancer] - >>  C:\Users\alejo\.m2\repository\org\slf4j\slf4j-nop\1.7.21\slf4j-nop-1.7.21.jar
17:31:40,343 (main) DEBUG [DataNucleus.Enhancer] - >>  C:\Users\alejo\.m2\repository\com\google\endpoints\endpoints-management-control-appengine-all\1.0.5\endpoints-management-control-appengine-all-1.0.5.jar
17:31:40,343 (main) DEBUG [DataNucleus.Enhancer] - >>  C:\Users\alejo\.m2\repository\com\google\appengine\appengine-api-1.0-sdk\1.9.57\appengine-api-1.0-sdk-1.9.57.jar
17:31:40,343 (main) DEBUG [DataNucleus.Enhancer] - >>  C:\Users\alejo\.m2\repository\javax\servlet\servlet-api\2.5\servlet-api-2.5.jar
17:31:40,343 (main) DEBUG [DataNucleus.Enhancer] - >>  C:\Users\alejo\.m2\repository\javax\inject\javax.inject\1\javax.inject-1.jar
17:31:40,344 (main) DEBUG [DataNucleus.Enhancer] - >>  C:\Users\alejo\.m2\repository\jstl\jstl\1.2\jstl-1.2.jar
17:31:40,344 (main) DEBUG [DataNucleus.Enhancer] - >>  C:\Users\alejo\.m2\repository\org\hamcrest\hamcrest-core\1.3\hamcrest-core-1.3.jar
17:31:40,344 (main) DEBUG [DataNucleus.Enhancer] - >>  C:\Users\alejo\.m2\repository\com\jcabi\jcabi-matchers\1.4\jcabi-matchers-1.4.jar
17:31:40,344 (main) DEBUG [DataNucleus.Enhancer] - >>  C:\Users\alejo\.m2\repository\org\hamcrest\hamcrest-library\1.3\hamcrest-library-1.3.jar
17:31:40,344 (main) DEBUG [DataNucleus.Enhancer] - >>  C:\Users\alejo\.m2\repository\com\jcabi\jcabi-log\0.17.2\jcabi-log-0.17.2.jar
17:31:40,344 (main) DEBUG [DataNucleus.Enhancer] - >>  C:\Users\alejo\.m2\repository\com\jcabi\jcabi-aspects\0.22\jcabi-aspects-0.22.jar
17:31:40,344 (main) DEBUG [DataNucleus.Enhancer] - >>  C:\Users\alejo\.m2\repository\org\aspectj\aspectjrt\1.8.4\aspectjrt-1.8.4.jar
17:31:40,345 (main) DEBUG [DataNucleus.Enhancer] - Enhancing classes
17:31:40,348 (main) DEBUG [DataNucleus.MetaData] - Analizando el MetaData "file:/C:/Users/alejo/Desktop/backend2/target/echo-1.0-SNAPSHOT/WEB-INF/classes/META-INF/persistence.xml" con handler "persistence" (validar="false")
17:31:40,360 (main) DEBUG [DataNucleus.MetaData] - MetaData Management : Carga de Metadata del persistence-unit "ligaguila" ...
17:31:40,361 (main) DEBUG [DataNucleus.MetaData] - Not found any metadata mapping files for resource name META-INF/orm.xml in CLASSPATH
17:31:40,427 (main) DEBUG [DataNucleus.MetaData] - Clase "com.example.teams.entity.Equipo" tiene anotación "javax.persistence.NamedQueries" que no esta procesado aqui. Si sea un annotacion de extension de DataNucleus, lo procesamos mas tarde.
17:31:40,427 (main) DEBUG [DataNucleus.MetaData] - Clase "com.example.teams.entity.Equipo" tiene anotaciones de JPA y vamos a usarlas.
17:31:40,441 (main) DEBUG [DataNucleus.MetaData] - Populación del MetaData ...
17:31:40,441 (main) DEBUG [DataNucleus.MetaData] - Clase "com.example.teams.entity.Equipo" : Populando Meta-Data
17:31:40,443 (main) DEBUG [DataNucleus.MetaData] - Inicialisación del MetaData ...
17:31:40,443 (main) DEBUG [DataNucleus.MetaData] - Clase "com.example.teams.entity.Equipo" : Inicializando Meta-Data
17:31:40,446 (main) DEBUG [DataNucleus.MetaData] - MetaData Management : Carga de Metadata ya ha terminado
17:31:40,454 (main) DEBUG [DataNucleus.Enhancer] - Enhance de la clase "com.example.teams.entity.Equipo" empezando ...
17:31:40,493 (main) INFO  [DataNucleus.Enhancer] - La clase "com.example.teams.entity.Equipo" esta enhanced.
17:31:40,493 (main) INFO  [DataNucleus.Enhancer] - ENHANCED (Persistable) : com.example.teams.entity.Equipo
17:31:40,493 (main) DEBUG [DataNucleus.Enhancer] - Enhance de la clase "com.example.teams.entity.Equipo" ha terminado
17:31:40,494 (main) INFO  [DataNucleus.Enhancer] - DataNucleus Enhancer ha terminado con exito para 1 clases. Tiempos : input=101 ms, enhance=47 ms, total=148 ms. Compruebe el LOG para los detalles
17:32:37,964 (main) DEBUG [DataNucleus.General] - Using PluginRegistry org.datanucleus.plugin.NonManagedPluginRegistry
17:32:38,014 (main) DEBUG [DataNucleus.General] - Registering bundle org.sonatype.inject version 2.3.0 at URL file:/C:/Users/alejo/.m2/repository/org/sonatype/sisu/sisu-inject-bean/2.3.0/sisu-inject-bean-2.3.0.jar.
17:32:38,043 (main) DEBUG [DataNucleus.General] - Loading extension points from plug-in file jar:file:/C:/Users/alejo/.m2/repository/org/sonatype/sisu/sisu-inject-bean/2.3.0/sisu-inject-bean-2.3.0.jar!/plugin.xml.
17:32:38,044 (main) DEBUG [DataNucleus.General] - Loading extensions from plug-in file jar:file:/C:/Users/alejo/.m2/repository/org/sonatype/sisu/sisu-inject-bean/2.3.0/sisu-inject-bean-2.3.0.jar!/plugin.xml.
17:32:38,047 (main) DEBUG [DataNucleus.General] - Registering bundle org.datanucleus version 4.1.11 at URL file:/C:/Users/alejo/.m2/repository/org/datanucleus/datanucleus-core/4.1.11/datanucleus-core-4.1.11.jar.
17:32:38,064 (main) DEBUG [DataNucleus.General] - Loading extension points from plug-in file jar:file:/C:/Users/alejo/.m2/repository/org/datanucleus/datanucleus-core/4.1.11/datanucleus-core-4.1.11.jar!/plugin.xml.
17:32:38,077 (main) DEBUG [DataNucleus.General] - Loading extensions from plug-in file jar:file:/C:/Users/alejo/.m2/repository/org/datanucleus/datanucleus-core/4.1.11/datanucleus-core-4.1.11.jar!/plugin.xml.
17:32:38,079 (main) DEBUG [DataNucleus.General] - Registering bundle org.datanucleus.api.jpa version 4.1.10 at URL file:/C:/Users/alejo/.m2/repository/org/datanucleus/datanucleus-api-jpa/4.1.10/datanucleus-api-jpa-4.1.10.jar.
17:32:38,082 (main) DEBUG [DataNucleus.General] - Loading extension points from plug-in file jar:file:/C:/Users/alejo/.m2/repository/org/datanucleus/datanucleus-api-jpa/4.1.10/datanucleus-api-jpa-4.1.10.jar!/plugin.xml.
17:32:38,082 (main) DEBUG [DataNucleus.General] - Loading extensions from plug-in file jar:file:/C:/Users/alejo/.m2/repository/org/datanucleus/datanucleus-api-jpa/4.1.10/datanucleus-api-jpa-4.1.10.jar!/plugin.xml.
17:32:38,084 (main) DEBUG [DataNucleus.General] - Registering bundle org.datanucleus.jpa.query version 4.0.5 at URL file:/C:/Users/alejo/.m2/repository/org/datanucleus/datanucleus-jpa-query/4.0.5/datanucleus-jpa-query-4.0.5.jar.
17:32:38,093 (main) DEBUG [DataNucleus.General] - Loading extension points from plug-in file jar:file:/C:/Users/alejo/.m2/repository/org/datanucleus/datanucleus-jpa-query/4.0.5/datanucleus-jpa-query-4.0.5.jar!/plugin.xml.
17:32:38,093 (main) DEBUG [DataNucleus.General] - Loading extensions from plug-in file jar:file:/C:/Users/alejo/.m2/repository/org/datanucleus/datanucleus-jpa-query/4.0.5/datanucleus-jpa-query-4.0.5.jar!/plugin.xml.
17:32:38,094 (main) DEBUG [DataNucleus.General] - Registering bundle org.datanucleus.store.rdbms version 4.1.13 at URL file:/C:/Users/alejo/.m2/repository/org/datanucleus/datanucleus-rdbms/4.1.13/datanucleus-rdbms-4.1.13.jar.
17:32:38,107 (main) DEBUG [DataNucleus.General] - Loading extension points from plug-in file jar:file:/C:/Users/alejo/.m2/repository/org/datanucleus/datanucleus-rdbms/4.1.13/datanucleus-rdbms-4.1.13.jar!/plugin.xml.
17:32:38,118 (main) DEBUG [DataNucleus.General] - Loading extensions from plug-in file jar:file:/C:/Users/alejo/.m2/repository/org/datanucleus/datanucleus-rdbms/4.1.13/datanucleus-rdbms-4.1.13.jar!/plugin.xml.
17:32:38,150 (main) DEBUG [DataNucleus.Persistence] - Tipos de Java inicializando ...
17:32:38,195 (main) DEBUG [DataNucleus.Persistence] - Soporte para tipos de Java listo : tipos soportados = [B, [C, [D, [F, [I, [J, [Ljava.lang.Boolean;, [Ljava.lang.Byte;, [Ljava.lang.Character;, [Ljava.lang.Double;, [Ljava.lang.Enum;, [Ljava.lang.Float;, [Ljava.lang.Integer;, [Ljava.lang.Long;, [Ljava.lang.Number;, [Ljava.lang.Short;, [Ljava.lang.String;, [Ljava.math.BigDecimal;, [Ljava.math.BigInteger;, [Ljava.util.Date;, [Ljava.util.Locale;, [S, [Z, boolean, byte, char, double, float, int, java.awt.Color, java.awt.image.BufferedImage, java.lang.Boolean, java.lang.Byte, java.lang.Character, java.lang.Class, java.lang.Double, java.lang.Enum, java.lang.Float, java.lang.Integer, java.lang.Long, java.lang.Number, java.lang.Short, java.lang.String, java.lang.StringBuffer, java.lang.StringBuilder, java.math.BigDecimal, java.math.BigInteger, java.net.URI, java.net.URL, java.sql.Date, java.sql.Time, java.sql.Timestamp, java.util.ArrayList, java.util.Arrays$ArrayList, java.util.BitSet, java.util.Calendar, java.util.Collection, java.util.Currency, java.util.Date, java.util.GregorianCalendar, java.util.HashMap, java.util.HashSet, java.util.Hashtable, java.util.LinkedHashMap, java.util.LinkedHashSet, java.util.LinkedList, java.util.List, java.util.Locale, java.util.Map, java.util.PriorityQueue, java.util.Properties, java.util.Queue, java.util.Set, java.util.SortedMap, java.util.SortedSet, java.util.Stack, java.util.TimeZone, java.util.TreeMap, java.util.TreeSet, java.util.UUID, java.util.Vector, long, short
17:32:38,195 (main) DEBUG [DataNucleus.Persistence] - Inicializando TypeConverters ...
17:32:38,224 (main) DEBUG [DataNucleus.Persistence] - TypeConverters listo
17:32:38,224 (main) DEBUG [DataNucleus.Persistence] - TypeConverter(s) available for byte[] to : java.nio.ByteBuffer
17:32:38,224 (main) DEBUG [DataNucleus.Persistence] - TypeConverter(s) available for char[] to : java.nio.ByteBuffer
17:32:38,224 (main) DEBUG [DataNucleus.Persistence] - TypeConverter(s) available for double[] to : java.nio.ByteBuffer
17:32:38,224 (main) DEBUG [DataNucleus.Persistence] - TypeConverter(s) available for float[] to : java.nio.ByteBuffer
17:32:38,224 (main) DEBUG [DataNucleus.Persistence] - TypeConverter(s) available for int[] to : java.nio.ByteBuffer
17:32:38,224 (main) DEBUG [DataNucleus.Persistence] - TypeConverter(s) available for long[] to : java.nio.ByteBuffer
17:32:38,224 (main) DEBUG [DataNucleus.Persistence] - TypeConverter(s) available for short[] to : java.nio.ByteBuffer
17:32:38,225 (main) DEBUG [DataNucleus.Persistence] - TypeConverter(s) available for boolean[] to : java.nio.ByteBuffer
17:32:38,225 (main) DEBUG [DataNucleus.Persistence] - TypeConverter(s) available for java.awt.Color to : java.lang.String,int[]
17:32:38,225 (main) DEBUG [DataNucleus.Persistence] - TypeConverter(s) available for java.io.Serializable to : java.lang.String,java.nio.ByteBuffer,byte[]
17:32:38,225 (main) DEBUG [DataNucleus.Persistence] - TypeConverter(s) available for java.lang.Boolean to : java.lang.Integer,java.lang.Character
17:32:38,225 (main) DEBUG [DataNucleus.Persistence] - TypeConverter(s) available for java.lang.Character to : java.lang.String
17:32:38,225 (main) DEBUG [DataNucleus.Persistence] - TypeConverter(s) available for java.lang.Class to : java.lang.String
17:32:38,225 (main) DEBUG [DataNucleus.Persistence] - TypeConverter(s) available for java.lang.Integer to : java.lang.String
17:32:38,225 (main) DEBUG [DataNucleus.Persistence] - TypeConverter(s) available for java.lang.Long to : java.lang.String
17:32:38,225 (main) DEBUG [DataNucleus.Persistence] - TypeConverter(s) available for java.lang.StringBuffer to : java.lang.String
17:32:38,225 (main) DEBUG [DataNucleus.Persistence] - TypeConverter(s) available for java.lang.StringBuilder to : java.lang.String
17:32:38,225 (main) DEBUG [DataNucleus.Persistence] - TypeConverter(s) available for java.math.BigDecimal to : java.lang.String,java.nio.ByteBuffer,java.lang.Double
17:32:38,225 (main) DEBUG [DataNucleus.Persistence] - TypeConverter(s) available for java.math.BigInteger to : java.lang.Long,java.lang.String,java.nio.ByteBuffer
17:32:38,225 (main) DEBUG [DataNucleus.Persistence] - TypeConverter(s) available for java.net.URI to : java.lang.String
17:32:38,225 (main) DEBUG [DataNucleus.Persistence] - TypeConverter(s) available for java.net.URL to : java.lang.String
17:32:38,225 (main) DEBUG [DataNucleus.Persistence] - TypeConverter(s) available for java.sql.Date to : java.lang.Long,java.util.Date,java.lang.String
17:32:38,225 (main) DEBUG [DataNucleus.Persistence] - TypeConverter(s) available for java.sql.Time to : java.lang.Long,java.util.Date,java.lang.String
17:32:38,225 (main) DEBUG [DataNucleus.Persistence] - TypeConverter(s) available for java.sql.Timestamp to : java.lang.Long,java.util.Date,java.lang.String
17:32:38,225 (main) DEBUG [DataNucleus.Persistence] - TypeConverter(s) available for java.util.BitSet to : java.lang.String
17:32:38,225 (main) DEBUG [DataNucleus.Persistence] - TypeConverter(s) available for java.util.Calendar to : [Ljava.lang.Object;,java.util.Date,java.lang.String,java.sql.Timestamp
17:32:38,225 (main) DEBUG [DataNucleus.Persistence] - TypeConverter(s) available for java.util.Currency to : java.lang.String
17:32:38,226 (main) DEBUG [DataNucleus.Persistence] - TypeConverter(s) available for java.util.Date to : java.lang.Long,java.lang.String
17:32:38,226 (main) DEBUG [DataNucleus.Persistence] - TypeConverter(s) available for java.util.Locale to : java.lang.String
17:32:38,226 (main) DEBUG [DataNucleus.Persistence] - TypeConverter(s) available for java.util.TimeZone to : java.lang.String
17:32:38,226 (main) DEBUG [DataNucleus.Persistence] - TypeConverter(s) available for java.util.UUID to : java.lang.String
17:32:38,226 (main) DEBUG [DataNucleus.MetaData] - MetaDataManager : Input=(XML,Annotations), XML-Validation=false
17:32:38,226 (main) INFO  [DataNucleus.Enhancer] - DataNucleus Enhancer (versión 4.1.11) para el API "JPA" utilisando el JRE "{2}"
17:32:38,226 (main) DEBUG [DataNucleus.Enhancer] - DataNucleus Enhancer : Classpath
17:32:38,226 (main) DEBUG [DataNucleus.Enhancer] - >>  C:\Users\alejo\.m2\repository\org\datanucleus\datanucleus-maven-plugin\4.0.5\datanucleus-maven-plugin-4.0.5.jar
17:32:38,226 (main) DEBUG [DataNucleus.Enhancer] - >>  C:\Users\alejo\.m2\repository\org\codehaus\plexus\plexus-utils\3.0.8\plexus-utils-3.0.8.jar
17:32:38,227 (main) DEBUG [DataNucleus.Enhancer] - >>  C:\Users\alejo\.m2\repository\org\apache\maven\maven-artifact\3.0.4\maven-artifact-3.0.4.jar
17:32:38,227 (main) DEBUG [DataNucleus.Enhancer] - >>  C:\Users\alejo\.m2\repository\org\apache\maven\maven-plugin-api\3.0.4\maven-plugin-api-3.0.4.jar
17:32:38,227 (main) DEBUG [DataNucleus.Enhancer] - >>  C:\Users\alejo\.m2\repository\org\apache\maven\maven-model\3.0.4\maven-model-3.0.4.jar
17:32:38,227 (main) DEBUG [DataNucleus.Enhancer] - >>  C:\Users\alejo\.m2\repository\org\sonatype\sisu\sisu-inject-plexus\2.3.0\sisu-inject-plexus-2.3.0.jar
17:32:38,228 (main) DEBUG [DataNucleus.Enhancer] - >>  C:\Users\alejo\.m2\repository\org\codehaus\plexus\plexus-component-annotations\1.5.5\plexus-component-annotations-1.5.5.jar
17:32:38,228 (main) DEBUG [DataNucleus.Enhancer] - >>  C:\Users\alejo\.m2\repository\org\sonatype\sisu\sisu-inject-bean\2.3.0\sisu-inject-bean-2.3.0.jar
17:32:38,228 (main) DEBUG [DataNucleus.Enhancer] - >>  C:\Users\alejo\.m2\repository\org\sonatype\sisu\sisu-guice\3.1.0\sisu-guice-3.1.0-no_aop.jar
17:32:38,228 (main) DEBUG [DataNucleus.Enhancer] - >>  C:\Users\alejo\.m2\repository\org\sonatype\sisu\sisu-guava\0.9.9\sisu-guava-0.9.9.jar
17:32:38,228 (main) DEBUG [DataNucleus.Enhancer] - >>  C:\Users\alejo\.m2\repository\org\codehaus\plexus\plexus-container-default\1.5.5\plexus-container-default-1.5.5.jar
17:32:38,228 (main) DEBUG [DataNucleus.Enhancer] - >>  C:\Users\alejo\.m2\repository\org\codehaus\plexus\plexus-classworlds\2.2.2\plexus-classworlds-2.2.2.jar
17:32:38,228 (main) DEBUG [DataNucleus.Enhancer] - >>  C:\Users\alejo\.m2\repository\org\apache\xbean\xbean-reflect\3.4\xbean-reflect-3.4.jar
17:32:38,228 (main) DEBUG [DataNucleus.Enhancer] - >>  C:\Users\alejo\.m2\repository\log4j\log4j\1.2.12\log4j-1.2.12.jar
17:32:38,229 (main) DEBUG [DataNucleus.Enhancer] - >>  C:\Users\alejo\.m2\repository\commons-logging\commons-logging-api\1.1\commons-logging-api-1.1.jar
17:32:38,229 (main) DEBUG [DataNucleus.Enhancer] - >>  C:\Users\alejo\.m2\repository\com\google\collections\google-collections\1.0\google-collections-1.0.jar
17:32:38,229 (main) DEBUG [DataNucleus.Enhancer] - >>  C:\Users\alejo\.m2\repository\junit\junit\3.8.2\junit-3.8.2.jar
17:32:38,229 (main) DEBUG [DataNucleus.Enhancer] - >>  C:\Users\alejo\Desktop\backend2\target\echo-1.0-SNAPSHOT\WEB-INF\classes
17:32:38,229 (main) DEBUG [DataNucleus.Enhancer] - >>  C:\Users\alejo\.m2\repository\org\datanucleus\datanucleus-core\4.1.11\datanucleus-core-4.1.11.jar
17:32:38,229 (main) DEBUG [DataNucleus.Enhancer] - >>  C:\Users\alejo\.m2\repository\org\datanucleus\datanucleus-api-jpa\4.1.10\datanucleus-api-jpa-4.1.10.jar
17:32:38,229 (main) DEBUG [DataNucleus.Enhancer] - >>  C:\Users\alejo\.m2\repository\org\datanucleus\datanucleus-jpa-query\4.0.5\datanucleus-jpa-query-4.0.5.jar
17:32:38,229 (main) DEBUG [DataNucleus.Enhancer] - >>  C:\Users\alejo\.m2\repository\org\datanucleus\datanucleus-rdbms\4.1.13\datanucleus-rdbms-4.1.13.jar
17:32:38,229 (main) DEBUG [DataNucleus.Enhancer] - >>  C:\Users\alejo\.m2\repository\org\datanucleus\javax.persistence\2.1.2\javax.persistence-2.1.2.jar
17:32:38,230 (main) DEBUG [DataNucleus.Enhancer] - >>  C:\Users\alejo\.m2\repository\log4j\log4j\1.2.17\log4j-1.2.17.jar
17:32:38,230 (main) DEBUG [DataNucleus.Enhancer] - >>  C:\Users\alejo\.m2\repository\mysql\mysql-connector-java\5.1.17\mysql-connector-java-5.1.17.jar
17:32:38,230 (main) DEBUG [DataNucleus.Enhancer] - >>  C:\Users\alejo\.m2\repository\org\modelmapper\modelmapper\1.0.0\modelmapper-1.0.0.jar
17:32:38,230 (main) DEBUG [DataNucleus.Enhancer] - >>  C:\Users\alejo\.m2\repository\com\google\endpoints\endpoints-framework\2.0.8\endpoints-framework-2.0.8.jar
17:32:38,230 (main) DEBUG [DataNucleus.Enhancer] - >>  C:\Users\alejo\.m2\repository\com\google\guava\guava\19.0\guava-19.0.jar
17:32:38,230 (main) DEBUG [DataNucleus.Enhancer] - >>  C:\Users\alejo\.m2\repository\com\fasterxml\jackson\core\jackson-annotations\2.6.4\jackson-annotations-2.6.4.jar
17:32:38,230 (main) DEBUG [DataNucleus.Enhancer] - >>  C:\Users\alejo\.m2\repository\com\fasterxml\jackson\core\jackson-core\2.6.4\jackson-core-2.6.4.jar
17:32:38,230 (main) DEBUG [DataNucleus.Enhancer] - >>  C:\Users\alejo\.m2\repository\com\fasterxml\jackson\core\jackson-databind\2.6.4\jackson-databind-2.6.4.jar
17:32:38,230 (main) DEBUG [DataNucleus.Enhancer] - >>  C:\Users\alejo\.m2\repository\com\google\http-client\google-http-client-jackson2\1.21.0\google-http-client-jackson2-1.21.0.jar
17:32:38,230 (main) DEBUG [DataNucleus.Enhancer] - >>  C:\Users\alejo\.m2\repository\com\google\http-client\google-http-client\1.21.0\google-http-client-1.21.0.jar
17:32:38,230 (main) DEBUG [DataNucleus.Enhancer] - >>  C:\Users\alejo\.m2\repository\org\apache\httpcomponents\httpclient\4.0.1\httpclient-4.0.1.jar
17:32:38,231 (main) DEBUG [DataNucleus.Enhancer] - >>  C:\Users\alejo\.m2\repository\org\apache\httpcomponents\httpcore\4.0.1\httpcore-4.0.1.jar
17:32:38,234 (main) DEBUG [DataNucleus.Enhancer] - >>  C:\Users\alejo\.m2\repository\commons-logging\commons-logging\1.1.1\commons-logging-1.1.1.jar
17:32:38,234 (main) DEBUG [DataNucleus.Enhancer] - >>  C:\Users\alejo\.m2\repository\commons-codec\commons-codec\1.3\commons-codec-1.3.jar
17:32:38,234 (main) DEBUG [DataNucleus.Enhancer] - >>  C:\Users\alejo\.m2\repository\com\google\api-client\google-api-client\1.21.0\google-api-client-1.21.0.jar
17:32:38,234 (main) DEBUG [DataNucleus.Enhancer] - >>  C:\Users\alejo\.m2\repository\com\google\oauth-client\google-oauth-client\1.21.0\google-oauth-client-1.21.0.jar
17:32:38,234 (main) DEBUG [DataNucleus.Enhancer] - >>  C:\Users\alejo\.m2\repository\com\google\api-client\google-api-client-appengine\1.21.0\google-api-client-appengine-1.21.0.jar
17:32:38,234 (main) DEBUG [DataNucleus.Enhancer] - >>  C:\Users\alejo\.m2\repository\com\google\oauth-client\google-oauth-client-appengine\1.21.0\google-oauth-client-appengine-1.21.0.jar
17:32:38,235 (main) DEBUG [DataNucleus.Enhancer] - >>  C:\Users\alejo\.m2\repository\com\google\oauth-client\google-oauth-client-servlet\1.21.0\google-oauth-client-servlet-1.21.0.jar
17:32:38,235 (main) DEBUG [DataNucleus.Enhancer] - >>  C:\Users\alejo\.m2\repository\com\google\http-client\google-http-client-jdo\1.21.0\google-http-client-jdo-1.21.0.jar
17:32:38,235 (main) DEBUG [DataNucleus.Enhancer] - >>  C:\Users\alejo\.m2\repository\com\google\api-client\google-api-client-servlet\1.21.0\google-api-client-servlet-1.21.0.jar
17:32:38,235 (main) DEBUG [DataNucleus.Enhancer] - >>  C:\Users\alejo\.m2\repository\javax\jdo\jdo2-api\2.3-eb\jdo2-api-2.3-eb.jar
17:32:38,235 (main) DEBUG [DataNucleus.Enhancer] - >>  C:\Users\alejo\.m2\repository\javax\transaction\transaction-api\1.1\transaction-api-1.1.jar
17:32:38,235 (main) DEBUG [DataNucleus.Enhancer] - >>  C:\Users\alejo\.m2\repository\com\google\http-client\google-http-client-appengine\1.21.0\google-http-client-appengine-1.21.0.jar
17:32:38,235 (main) DEBUG [DataNucleus.Enhancer] - >>  C:\Users\alejo\.m2\repository\com\google\code\findbugs\jsr305\3.0.1\jsr305-3.0.1.jar
17:32:38,235 (main) DEBUG [DataNucleus.Enhancer] - >>  C:\Users\alejo\.m2\repository\io\swagger\swagger-models\1.5.9\swagger-models-1.5.9.jar
17:32:38,235 (main) DEBUG [DataNucleus.Enhancer] - >>  C:\Users\alejo\.m2\repository\org\slf4j\slf4j-api\1.6.3\slf4j-api-1.6.3.jar
17:32:38,235 (main) DEBUG [DataNucleus.Enhancer] - >>  C:\Users\alejo\.m2\repository\io\swagger\swagger-annotations\1.5.9\swagger-annotations-1.5.9.jar
17:32:38,235 (main) DEBUG [DataNucleus.Enhancer] - >>  C:\Users\alejo\.m2\repository\io\swagger\swagger-core\1.5.9\swagger-core-1.5.9.jar
17:32:38,235 (main) DEBUG [DataNucleus.Enhancer] - >>  C:\Users\alejo\.m2\repository\org\apache\commons\commons-lang3\3.2.1\commons-lang3-3.2.1.jar
17:32:38,235 (main) DEBUG [DataNucleus.Enhancer] - >>  C:\Users\alejo\.m2\repository\com\fasterxml\jackson\datatype\jackson-datatype-joda\2.4.5\jackson-datatype-joda-2.4.5.jar
17:32:38,236 (main) DEBUG [DataNucleus.Enhancer] - >>  C:\Users\alejo\.m2\repository\joda-time\joda-time\2.2\joda-time-2.2.jar
17:32:38,236 (main) DEBUG [DataNucleus.Enhancer] - >>  C:\Users\alejo\.m2\repository\com\fasterxml\jackson\dataformat\jackson-dataformat-yaml\2.4.5\jackson-dataformat-yaml-2.4.5.jar
17:32:38,236 (main) DEBUG [DataNucleus.Enhancer] - >>  C:\Users\alejo\.m2\repository\org\yaml\snakeyaml\1.12\snakeyaml-1.12.jar
17:32:38,236 (main) DEBUG [DataNucleus.Enhancer] - >>  C:\Users\alejo\.m2\repository\javax\validation\validation-api\1.1.0.Final\validation-api-1.1.0.Final.jar
17:32:38,236 (main) DEBUG [DataNucleus.Enhancer] - >>  C:\Users\alejo\.m2\repository\org\slf4j\slf4j-nop\1.7.21\slf4j-nop-1.7.21.jar
17:32:38,236 (main) DEBUG [DataNucleus.Enhancer] - >>  C:\Users\alejo\.m2\repository\com\google\endpoints\endpoints-management-control-appengine-all\1.0.5\endpoints-management-control-appengine-all-1.0.5.jar
17:32:38,236 (main) DEBUG [DataNucleus.Enhancer] - >>  C:\Users\alejo\.m2\repository\com\google\appengine\appengine-api-1.0-sdk\1.9.57\appengine-api-1.0-sdk-1.9.57.jar
17:32:38,236 (main) DEBUG [DataNucleus.Enhancer] - >>  C:\Users\alejo\.m2\repository\javax\servlet\servlet-api\2.5\servlet-api-2.5.jar
17:32:38,236 (main) DEBUG [DataNucleus.Enhancer] - >>  C:\Users\alejo\.m2\repository\javax\inject\javax.inject\1\javax.inject-1.jar
17:32:38,236 (main) DEBUG [DataNucleus.Enhancer] - >>  C:\Users\alejo\.m2\repository\jstl\jstl\1.2\jstl-1.2.jar
17:32:38,236 (main) DEBUG [DataNucleus.Enhancer] - >>  C:\Users\alejo\.m2\repository\org\hamcrest\hamcrest-core\1.3\hamcrest-core-1.3.jar
17:32:38,236 (main) DEBUG [DataNucleus.Enhancer] - >>  C:\Users\alejo\.m2\repository\com\jcabi\jcabi-matchers\1.4\jcabi-matchers-1.4.jar
17:32:38,236 (main) DEBUG [DataNucleus.Enhancer] - >>  C:\Users\alejo\.m2\repository\org\hamcrest\hamcrest-library\1.3\hamcrest-library-1.3.jar
17:32:38,236 (main) DEBUG [DataNucleus.Enhancer] - >>  C:\Users\alejo\.m2\repository\com\jcabi\jcabi-log\0.17.2\jcabi-log-0.17.2.jar
17:32:38,236 (main) DEBUG [DataNucleus.Enhancer] - >>  C:\Users\alejo\.m2\repository\com\jcabi\jcabi-aspects\0.22\jcabi-aspects-0.22.jar
17:32:38,236 (main) DEBUG [DataNucleus.Enhancer] - >>  C:\Users\alejo\.m2\repository\org\aspectj\aspectjrt\1.8.4\aspectjrt-1.8.4.jar
17:32:38,237 (main) DEBUG [DataNucleus.Enhancer] - Enhancing classes
17:32:38,240 (main) DEBUG [DataNucleus.MetaData] - Analizando el MetaData "file:/C:/Users/alejo/Desktop/backend2/target/echo-1.0-SNAPSHOT/WEB-INF/classes/META-INF/persistence.xml" con handler "persistence" (validar="false")
17:32:38,249 (main) DEBUG [DataNucleus.MetaData] - MetaData Management : Carga de Metadata del persistence-unit "ligaguila" ...
17:32:38,250 (main) DEBUG [DataNucleus.MetaData] - Not found any metadata mapping files for resource name META-INF/orm.xml in CLASSPATH
17:32:38,310 (main) DEBUG [DataNucleus.MetaData] - Clase "com.example.teams.entity.Equipo" tiene anotación "javax.persistence.NamedQueries" que no esta procesado aqui. Si sea un annotacion de extension de DataNucleus, lo procesamos mas tarde.
17:32:38,310 (main) DEBUG [DataNucleus.MetaData] - Clase "com.example.teams.entity.Equipo" tiene anotaciones de JPA y vamos a usarlas.
17:32:38,326 (main) DEBUG [DataNucleus.MetaData] - Populación del MetaData ...
17:32:38,327 (main) DEBUG [DataNucleus.MetaData] - Clase "com.example.teams.entity.Equipo" : Populando Meta-Data
17:32:38,328 (main) DEBUG [DataNucleus.MetaData] - Inicialisación del MetaData ...
17:32:38,329 (main) DEBUG [DataNucleus.MetaData] - Clase "com.example.teams.entity.Equipo" : Inicializando Meta-Data
17:32:38,331 (main) DEBUG [DataNucleus.MetaData] - MetaData Management : Carga de Metadata ya ha terminado
17:32:38,336 (main) DEBUG [DataNucleus.Enhancer] - Enhance de la clase "com.example.teams.entity.Equipo" empezando ...
17:32:38,356 (main) INFO  [DataNucleus.Enhancer] - La clase "com.example.teams.entity.Equipo" esta enhanced.
17:32:38,356 (main) INFO  [DataNucleus.Enhancer] - ENHANCED (Persistable) : com.example.teams.entity.Equipo
17:32:38,356 (main) DEBUG [DataNucleus.Enhancer] - Enhance de la clase "com.example.teams.entity.Equipo" ha terminado
17:32:38,356 (main) INFO  [DataNucleus.Enhancer] - DataNucleus Enhancer ha terminado con exito para 1 clases. Tiempos : input=94 ms, enhance=25 ms, total=119 ms. Compruebe el LOG para los detalles
